[2017-03-23 09:26:40] (ERROR @ /home/pogorelov/Tmp/tmp/modx/core/xpdo/cache/xpdocachemanager.class.php : 510) PHP warning: unlink(/home/pogorelov/Tmp/tmp/modx/setup/config.dist.new.xml): Permission denied
[2017-03-23 09:26:40] (ERROR @ /home/pogorelov/Tmp/tmp/modx/core/xpdo/cache/xpdocachemanager.class.php : 510) PHP warning: unlink(/home/pogorelov/Tmp/tmp/modx/setup/assets/js/inc/blank.gif): Permission denied
[2017-03-23 09:26:40] (ERROR @ /home/pogorelov/Tmp/tmp/modx/core/xpdo/cache/xpdocachemanager.class.php : 510) PHP warning: unlink(/home/pogorelov/Tmp/tmp/modx/setup/assets/js/inc/clear.gif): Permission denied
[2017-03-23 09:26:40] (ERROR @ /home/pogorelov/Tmp/tmp/modx/core/xpdo/cache/xpdocachemanager.class.php : 510) PHP warning: unlink(/home/pogorelov/Tmp/tmp/modx/setup/assets/js/inc/iepngfix.htc): Permission denied
[2017-03-23 09:26:40] (ERROR @ /home/pogorelov/Tmp/tmp/modx/core/xpdo/cache/xpdocachemanager.class.php : 510) PHP warning: unlink(/home/pogorelov/Tmp/tmp/modx/setup/assets/js/inc/csshover2.htc): Permission denied
[2017-03-23 09:26:40] (ERROR @ /home/pogorelov/Tmp/tmp/modx/core/xpdo/cache/xpdocachemanager.class.php : 510) PHP warning: unlink(/home/pogorelov/Tmp/tmp/modx/setup/assets/js/inc/say.no.to.ie.6.js): Permission denied
[2017-03-23 09:26:40] (ERROR @ /home/pogorelov/Tmp/tmp/modx/core/xpdo/cache/xpdocachemanager.class.php : 518) PHP warning: closedir(): 14 is not a valid Directory resource
[2017-03-23 09:26:40] (ERROR @ /home/pogorelov/Tmp/tmp/modx/core/xpdo/cache/xpdocachemanager.class.php : 510) PHP warning: unlink(/home/pogorelov/Tmp/tmp/modx/setup/assets/js/modx.setup.js): Permission denied
[2017-03-23 09:26:40] (ERROR @ /home/pogorelov/Tmp/tmp/modx/core/xpdo/cache/xpdocachemanager.class.php : 510) PHP warning: unlink(/home/pogorelov/Tmp/tmp/modx/setup/assets/js/ext-core-debug.js): Permission denied
[2017-03-23 09:26:40] (ERROR @ /home/pogorelov/Tmp/tmp/modx/core/xpdo/cache/xpdocachemanager.class.php : 510) PHP warning: unlink(/home/pogorelov/Tmp/tmp/modx/setup/assets/js/sections/install.js): Permission denied
[2017-03-23 09:26:40] (ERROR @ /home/pogorelov/Tmp/tmp/modx/core/xpdo/cache/xpdocachemanager.class.php : 510) PHP warning: unlink(/home/pogorelov/Tmp/tmp/modx/setup/assets/js/sections/welcome.js): Permission denied
[2017-03-23 09:26:40] (ERROR @ /home/pogorelov/Tmp/tmp/modx/core/xpdo/cache/xpdocachemanager.class.php : 510) PHP warning: unlink(/home/pogorelov/Tmp/tmp/modx/setup/assets/js/sections/database.js): Permission denied
[2017-03-23 09:26:40] (ERROR @ /home/pogorelov/Tmp/tmp/modx/core/xpdo/cache/xpdocachemanager.class.php : 510) PHP warning: unlink(/home/pogorelov/Tmp/tmp/modx/setup/assets/js/sections/contexts.js): Permission denied
[2017-03-23 09:26:40] (ERROR @ /home/pogorelov/Tmp/tmp/modx/core/xpdo/cache/xpdocachemanager.class.php : 510) PHP warning: unlink(/home/pogorelov/Tmp/tmp/modx/setup/assets/js/sections/summary.js): Permission denied
[2017-03-23 09:26:40] (ERROR @ /home/pogorelov/Tmp/tmp/modx/core/xpdo/cache/xpdocachemanager.class.php : 518) PHP warning: closedir(): 23 is not a valid Directory resource
[2017-03-23 09:26:40] (ERROR @ /home/pogorelov/Tmp/tmp/modx/core/xpdo/cache/xpdocachemanager.class.php : 510) PHP warning: unlink(/home/pogorelov/Tmp/tmp/modx/setup/assets/js/ext-core.js): Permission denied
[2017-03-23 09:26:40] (ERROR @ /home/pogorelov/Tmp/tmp/modx/core/xpdo/cache/xpdocachemanager.class.php : 518) PHP warning: closedir(): 13 is not a valid Directory resource
[2017-03-23 09:26:40] (ERROR @ /home/pogorelov/Tmp/tmp/modx/core/xpdo/cache/xpdocachemanager.class.php : 510) PHP warning: unlink(/home/pogorelov/Tmp/tmp/modx/setup/assets/modx.css): Permission denied
[2017-03-23 09:26:40] (ERROR @ /home/pogorelov/Tmp/tmp/modx/core/xpdo/cache/xpdocachemanager.class.php : 510) PHP warning: unlink(/home/pogorelov/Tmp/tmp/modx/setup/assets/images/footer_separator.gif): Permission denied
[2017-03-23 09:26:40] (ERROR @ /home/pogorelov/Tmp/tmp/modx/core/xpdo/cache/xpdocachemanager.class.php : 510) PHP warning: unlink(/home/pogorelov/Tmp/tmp/modx/setup/assets/images/footer_fold_top.jpg): Permission denied
[2017-03-23 09:26:40] (ERROR @ /home/pogorelov/Tmp/tmp/modx/core/xpdo/cache/xpdocachemanager.class.php : 510) PHP warning: unlink(/home/pogorelov/Tmp/tmp/modx/setup/assets/images/modx_mgr_screenshot.png): Permission denied
[2017-03-23 09:26:40] (ERROR @ /home/pogorelov/Tmp/tmp/modx/core/xpdo/cache/xpdocachemanager.class.php : 510) PHP warning: unlink(/home/pogorelov/Tmp/tmp/modx/setup/assets/images/downloadbar_separator.png): Permission denied
[2017-03-23 09:26:40] (ERROR @ /home/pogorelov/Tmp/tmp/modx/core/xpdo/cache/xpdocachemanager.class.php : 510) PHP warning: unlink(/home/pogorelov/Tmp/tmp/modx/setup/assets/images/bullet_grey.gif): Permission denied
[2017-03-23 09:26:40] (ERROR @ /home/pogorelov/Tmp/tmp/modx/core/xpdo/cache/xpdocachemanager.class.php : 510) PHP warning: unlink(/home/pogorelov/Tmp/tmp/modx/setup/assets/images/modx-logo.svg): Permission denied
[2017-03-23 09:26:40] (ERROR @ /home/pogorelov/Tmp/tmp/modx/core/xpdo/cache/xpdocachemanager.class.php : 510) PHP warning: unlink(/home/pogorelov/Tmp/tmp/modx/setup/assets/images/icon_empty_screenshot.png): Permission denied
[2017-03-23 09:26:40] (ERROR @ /home/pogorelov/Tmp/tmp/modx/core/xpdo/cache/xpdocachemanager.class.php : 510) PHP warning: unlink(/home/pogorelov/Tmp/tmp/modx/setup/assets/images/icon_screencasts.png): Permission denied
[2017-03-23 09:26:40] (ERROR @ /home/pogorelov/Tmp/tmp/modx/core/xpdo/cache/xpdocachemanager.class.php : 510) PHP warning: unlink(/home/pogorelov/Tmp/tmp/modx/setup/assets/images/im_inst_upgrade.gif): Permission denied
[2017-03-23 09:26:40] (ERROR @ /home/pogorelov/Tmp/tmp/modx/core/xpdo/cache/xpdocachemanager.class.php : 510) PHP warning: unlink(/home/pogorelov/Tmp/tmp/modx/setup/assets/images/icon_server.png): Permission denied
[2017-03-23 09:26:40] (ERROR @ /home/pogorelov/Tmp/tmp/modx/core/xpdo/cache/xpdocachemanager.class.php : 510) PHP warning: unlink(/home/pogorelov/Tmp/tmp/modx/setup/assets/images/icon_developer.png): Permission denied
[2017-03-23 09:26:40] (ERROR @ /home/pogorelov/Tmp/tmp/modx/core/xpdo/cache/xpdocachemanager.class.php : 510) PHP warning: unlink(/home/pogorelov/Tmp/tmp/modx/setup/assets/images/modx_footer.jpg): Permission denied
[2017-03-23 09:26:40] (ERROR @ /home/pogorelov/Tmp/tmp/modx/core/xpdo/cache/xpdocachemanager.class.php : 510) PHP warning: unlink(/home/pogorelov/Tmp/tmp/modx/setup/assets/images/im_new_inst.gif): Permission denied
[2017-03-23 09:26:40] (ERROR @ /home/pogorelov/Tmp/tmp/modx/core/xpdo/cache/xpdocachemanager.class.php : 510) PHP warning: unlink(/home/pogorelov/Tmp/tmp/modx/setup/assets/images/icon_warning.png): Permission denied
[2017-03-23 09:26:40] (ERROR @ /home/pogorelov/Tmp/tmp/modx/core/xpdo/cache/xpdocachemanager.class.php : 510) PHP warning: unlink(/home/pogorelov/Tmp/tmp/modx/setup/assets/images/search_background.jpg): Permission denied
[2017-03-23 09:26:40] (ERROR @ /home/pogorelov/Tmp/tmp/modx/core/xpdo/cache/xpdocachemanager.class.php : 510) PHP warning: unlink(/home/pogorelov/Tmp/tmp/modx/setup/assets/images/header_background.png): Permission denied
[2017-03-23 09:26:40] (ERROR @ /home/pogorelov/Tmp/tmp/modx/core/xpdo/cache/xpdocachemanager.class.php : 510) PHP warning: unlink(/home/pogorelov/Tmp/tmp/modx/setup/assets/images/icon_open_source.png): Permission denied
[2017-03-23 09:26:40] (ERROR @ /home/pogorelov/Tmp/tmp/modx/core/xpdo/cache/xpdocachemanager.class.php : 510) PHP warning: unlink(/home/pogorelov/Tmp/tmp/modx/setup/assets/images/footer_textbox.jpg): Permission denied
[2017-03-23 09:26:40] (ERROR @ /home/pogorelov/Tmp/tmp/modx/core/xpdo/cache/xpdocachemanager.class.php : 510) PHP warning: unlink(/home/pogorelov/Tmp/tmp/modx/setup/assets/images/whatwhyhow_background.jpg): Permission denied
[2017-03-23 09:26:40] (ERROR @ /home/pogorelov/Tmp/tmp/modx/core/xpdo/cache/xpdocachemanager.class.php : 510) PHP warning: unlink(/home/pogorelov/Tmp/tmp/modx/setup/assets/images/sidebox_bottom.gif): Permission denied
[2017-03-23 09:26:40] (ERROR @ /home/pogorelov/Tmp/tmp/modx/core/xpdo/cache/xpdocachemanager.class.php : 510) PHP warning: unlink(/home/pogorelov/Tmp/tmp/modx/setup/assets/images/link_button_footer.jpg): Permission denied
[2017-03-23 09:26:40] (ERROR @ /home/pogorelov/Tmp/tmp/modx/core/xpdo/cache/xpdocachemanager.class.php : 510) PHP warning: unlink(/home/pogorelov/Tmp/tmp/modx/setup/assets/images/meta_separator.gif): Permission denied
[2017-03-23 09:26:40] (ERROR @ /home/pogorelov/Tmp/tmp/modx/core/xpdo/cache/xpdocachemanager.class.php : 510) PHP warning: unlink(/home/pogorelov/Tmp/tmp/modx/setup/assets/images/footer_fold_bottom.jpg): Permission denied
[2017-03-23 09:26:40] (ERROR @ /home/pogorelov/Tmp/tmp/modx/core/xpdo/cache/xpdocachemanager.class.php : 510) PHP warning: unlink(/home/pogorelov/Tmp/tmp/modx/setup/assets/images/modx-logo.png): Permission denied
[2017-03-23 09:26:40] (ERROR @ /home/pogorelov/Tmp/tmp/modx/core/xpdo/cache/xpdocachemanager.class.php : 510) PHP warning: unlink(/home/pogorelov/Tmp/tmp/modx/setup/assets/images/mainnav_buttons.jpg): Permission denied
[2017-03-23 09:26:40] (ERROR @ /home/pogorelov/Tmp/tmp/modx/core/xpdo/cache/xpdocachemanager.class.php : 510) PHP warning: unlink(/home/pogorelov/Tmp/tmp/modx/setup/assets/images/quote_bubble.png): Permission denied
[2017-03-23 09:26:40] (ERROR @ /home/pogorelov/Tmp/tmp/modx/core/xpdo/cache/xpdocachemanager.class.php : 510) PHP warning: unlink(/home/pogorelov/Tmp/tmp/modx/setup/assets/images/whatwhyhow_arrow.png): Permission denied
[2017-03-23 09:26:40] (ERROR @ /home/pogorelov/Tmp/tmp/modx/core/xpdo/cache/xpdocachemanager.class.php : 510) PHP warning: unlink(/home/pogorelov/Tmp/tmp/modx/setup/assets/images/img_inquisitor/ul_corner_bl.gif): Permission denied
[2017-03-23 09:26:40] (ERROR @ /home/pogorelov/Tmp/tmp/modx/core/xpdo/cache/xpdocachemanager.class.php : 510) PHP warning: unlink(/home/pogorelov/Tmp/tmp/modx/setup/assets/images/img_inquisitor/hl_corner_tr.gif): Permission denied
[2017-03-23 09:26:40] (ERROR @ /home/pogorelov/Tmp/tmp/modx/core/xpdo/cache/xpdocachemanager.class.php : 510) PHP warning: unlink(/home/pogorelov/Tmp/tmp/modx/setup/assets/images/img_inquisitor/as_pointer.gif): Permission denied
[2017-03-23 09:26:40] (ERROR @ /home/pogorelov/Tmp/tmp/modx/core/xpdo/cache/xpdocachemanager.class.php : 510) PHP warning: unlink(/home/pogorelov/Tmp/tmp/modx/setup/assets/images/img_inquisitor/ul_corner_br.gif): Permission denied
[2017-03-23 09:26:40] (ERROR @ /home/pogorelov/Tmp/tmp/modx/core/xpdo/cache/xpdocachemanager.class.php : 510) PHP warning: unlink(/home/pogorelov/Tmp/tmp/modx/setup/assets/images/img_inquisitor/ul_corner_tl.gif): Permission denied
[2017-03-23 09:26:40] (ERROR @ /home/pogorelov/Tmp/tmp/modx/core/xpdo/cache/xpdocachemanager.class.php : 510) PHP warning: unlink(/home/pogorelov/Tmp/tmp/modx/setup/assets/images/img_inquisitor/hl_corner_br.gif): Permission denied
[2017-03-23 09:26:40] (ERROR @ /home/pogorelov/Tmp/tmp/modx/core/xpdo/cache/xpdocachemanager.class.php : 510) PHP warning: unlink(/home/pogorelov/Tmp/tmp/modx/setup/assets/images/img_inquisitor/ul_corner_tr.gif): Permission denied
[2017-03-23 09:26:40] (ERROR @ /home/pogorelov/Tmp/tmp/modx/core/xpdo/cache/xpdocachemanager.class.php : 510) PHP warning: unlink(/home/pogorelov/Tmp/tmp/modx/setup/assets/images/img_inquisitor/hl_corner_tl.gif): Permission denied
[2017-03-23 09:26:40] (ERROR @ /home/pogorelov/Tmp/tmp/modx/core/xpdo/cache/xpdocachemanager.class.php : 510) PHP warning: unlink(/home/pogorelov/Tmp/tmp/modx/setup/assets/images/img_inquisitor/hl_corner_bl.gif): Permission denied
[2017-03-23 09:26:40] (ERROR @ /home/pogorelov/Tmp/tmp/modx/core/xpdo/cache/xpdocachemanager.class.php : 518) PHP warning: closedir(): 61 is not a valid Directory resource
[2017-03-23 09:26:40] (ERROR @ /home/pogorelov/Tmp/tmp/modx/core/xpdo/cache/xpdocachemanager.class.php : 510) PHP warning: unlink(/home/pogorelov/Tmp/tmp/modx/setup/assets/images/im_resources.gif): Permission denied
[2017-03-23 09:26:40] (ERROR @ /home/pogorelov/Tmp/tmp/modx/core/xpdo/cache/xpdocachemanager.class.php : 510) PHP warning: unlink(/home/pogorelov/Tmp/tmp/modx/setup/assets/images/img_info.gif): Permission denied
[2017-03-23 09:26:40] (ERROR @ /home/pogorelov/Tmp/tmp/modx/core/xpdo/cache/xpdocachemanager.class.php : 510) PHP warning: unlink(/home/pogorelov/Tmp/tmp/modx/setup/assets/images/box_header_background.png): Permission denied
[2017-03-23 09:26:40] (ERROR @ /home/pogorelov/Tmp/tmp/modx/core/xpdo/cache/xpdocachemanager.class.php : 510) PHP warning: unlink(/home/pogorelov/Tmp/tmp/modx/setup/assets/images/icon_ok.gif): Permission denied
[2017-03-23 09:26:40] (ERROR @ /home/pogorelov/Tmp/tmp/modx/core/xpdo/cache/xpdocachemanager.class.php : 510) PHP warning: unlink(/home/pogorelov/Tmp/tmp/modx/setup/assets/images/link_button.jpg): Permission denied
[2017-03-23 09:26:40] (ERROR @ /home/pogorelov/Tmp/tmp/modx/core/xpdo/cache/xpdocachemanager.class.php : 510) PHP warning: unlink(/home/pogorelov/Tmp/tmp/modx/setup/assets/images/icon_rss.png): Permission denied
[2017-03-23 09:26:40] (ERROR @ /home/pogorelov/Tmp/tmp/modx/core/xpdo/cache/xpdocachemanager.class.php : 510) PHP warning: unlink(/home/pogorelov/Tmp/tmp/modx/setup/assets/images/icon_features_list.png): Permission denied
[2017-03-23 09:26:40] (ERROR @ /home/pogorelov/Tmp/tmp/modx/core/xpdo/cache/xpdocachemanager.class.php : 510) PHP warning: unlink(/home/pogorelov/Tmp/tmp/modx/setup/assets/images/screencast_placeholder.png): Permission denied
[2017-03-23 09:26:40] (ERROR @ /home/pogorelov/Tmp/tmp/modx/core/xpdo/cache/xpdocachemanager.class.php : 510) PHP warning: unlink(/home/pogorelov/Tmp/tmp/modx/setup/assets/images/rssbox_separator.gif): Permission denied
[2017-03-23 09:26:40] (ERROR @ /home/pogorelov/Tmp/tmp/modx/core/xpdo/cache/xpdocachemanager.class.php : 510) PHP warning: unlink(/home/pogorelov/Tmp/tmp/modx/setup/assets/images/headers.jpg): Permission denied
[2017-03-23 09:26:40] (ERROR @ /home/pogorelov/Tmp/tmp/modx/core/xpdo/cache/xpdocachemanager.class.php : 510) PHP warning: unlink(/home/pogorelov/Tmp/tmp/modx/setup/assets/images/subnav_buttons.jpg): Permission denied
[2017-03-23 09:26:40] (ERROR @ /home/pogorelov/Tmp/tmp/modx/core/xpdo/cache/xpdocachemanager.class.php : 510) PHP warning: unlink(/home/pogorelov/Tmp/tmp/modx/setup/assets/images/icon_designer.png): Permission denied
[2017-03-23 09:26:40] (ERROR @ /home/pogorelov/Tmp/tmp/modx/core/xpdo/cache/xpdocachemanager.class.php : 510) PHP warning: unlink(/home/pogorelov/Tmp/tmp/modx/setup/assets/images/meta_down.gif): Permission denied
[2017-03-23 09:26:40] (ERROR @ /home/pogorelov/Tmp/tmp/modx/core/xpdo/cache/xpdocachemanager.class.php : 510) PHP warning: unlink(/home/pogorelov/Tmp/tmp/modx/setup/assets/images/bg-pattern.png): Permission denied
[2017-03-23 09:26:40] (ERROR @ /home/pogorelov/Tmp/tmp/modx/core/xpdo/cache/xpdocachemanager.class.php : 510) PHP warning: unlink(/home/pogorelov/Tmp/tmp/modx/setup/assets/images/search_go_hover.jpg): Permission denied
[2017-03-23 09:26:40] (ERROR @ /home/pogorelov/Tmp/tmp/modx/core/xpdo/cache/xpdocachemanager.class.php : 510) PHP warning: unlink(/home/pogorelov/Tmp/tmp/modx/setup/assets/images/icon_core.png): Permission denied
[2017-03-23 09:26:40] (ERROR @ /home/pogorelov/Tmp/tmp/modx/core/xpdo/cache/xpdocachemanager.class.php : 510) PHP warning: unlink(/home/pogorelov/Tmp/tmp/modx/setup/assets/images/downloadbar_background.png): Permission denied
[2017-03-23 09:26:40] (ERROR @ /home/pogorelov/Tmp/tmp/modx/core/xpdo/cache/xpdocachemanager.class.php : 510) PHP warning: unlink(/home/pogorelov/Tmp/tmp/modx/setup/assets/images/rssbox_bottom.gif): Permission denied
[2017-03-23 09:26:40] (ERROR @ /home/pogorelov/Tmp/tmp/modx/core/xpdo/cache/xpdocachemanager.class.php : 510) PHP warning: unlink(/home/pogorelov/Tmp/tmp/modx/setup/assets/images/sidebox_top.gif): Permission denied
[2017-03-23 09:26:40] (ERROR @ /home/pogorelov/Tmp/tmp/modx/core/xpdo/cache/xpdocachemanager.class.php : 510) PHP warning: unlink(/home/pogorelov/Tmp/tmp/modx/setup/assets/images/modx_logo_header.png): Permission denied
[2017-03-23 09:26:40] (ERROR @ /home/pogorelov/Tmp/tmp/modx/core/xpdo/cache/xpdocachemanager.class.php : 518) PHP warning: closedir(): 33 is not a valid Directory resource
[2017-03-23 09:26:40] (ERROR @ /home/pogorelov/Tmp/tmp/modx/core/xpdo/cache/xpdocachemanager.class.php : 510) PHP warning: unlink(/home/pogorelov/Tmp/tmp/modx/setup/assets/modx_scripts.css): Permission denied
[2017-03-23 09:26:40] (ERROR @ /home/pogorelov/Tmp/tmp/modx/core/xpdo/cache/xpdocachemanager.class.php : 510) PHP warning: unlink(/home/pogorelov/Tmp/tmp/modx/setup/assets/css/960.css): Permission denied
[2017-03-23 09:26:40] (ERROR @ /home/pogorelov/Tmp/tmp/modx/core/xpdo/cache/xpdocachemanager.class.php : 510) PHP warning: unlink(/home/pogorelov/Tmp/tmp/modx/setup/assets/css/12_col.gif): Permission denied
[2017-03-23 09:26:40] (ERROR @ /home/pogorelov/Tmp/tmp/modx/core/xpdo/cache/xpdocachemanager.class.php : 510) PHP warning: unlink(/home/pogorelov/Tmp/tmp/modx/setup/assets/css/text.orig.css): Permission denied
[2017-03-23 09:26:40] (ERROR @ /home/pogorelov/Tmp/tmp/modx/core/xpdo/cache/xpdocachemanager.class.php : 510) PHP warning: unlink(/home/pogorelov/Tmp/tmp/modx/setup/assets/css/16_col.gif): Permission denied
[2017-03-23 09:26:40] (ERROR @ /home/pogorelov/Tmp/tmp/modx/core/xpdo/cache/xpdocachemanager.class.php : 510) PHP warning: unlink(/home/pogorelov/Tmp/tmp/modx/setup/assets/css/print.css): Permission denied
[2017-03-23 09:26:40] (ERROR @ /home/pogorelov/Tmp/tmp/modx/core/xpdo/cache/xpdocachemanager.class.php : 510) PHP warning: unlink(/home/pogorelov/Tmp/tmp/modx/setup/assets/css/text.css): Permission denied
[2017-03-23 09:26:40] (ERROR @ /home/pogorelov/Tmp/tmp/modx/core/xpdo/cache/xpdocachemanager.class.php : 510) PHP warning: unlink(/home/pogorelov/Tmp/tmp/modx/setup/assets/css/reset.css): Permission denied
[2017-03-23 09:26:40] (ERROR @ /home/pogorelov/Tmp/tmp/modx/core/xpdo/cache/xpdocachemanager.class.php : 510) PHP warning: unlink(/home/pogorelov/Tmp/tmp/modx/setup/assets/css/layout.css): Permission denied
[2017-03-23 09:26:40] (ERROR @ /home/pogorelov/Tmp/tmp/modx/core/xpdo/cache/xpdocachemanager.class.php : 510) PHP warning: unlink(/home/pogorelov/Tmp/tmp/modx/setup/assets/css/style.css): Permission denied
[2017-03-23 09:26:40] (ERROR @ /home/pogorelov/Tmp/tmp/modx/core/xpdo/cache/xpdocachemanager.class.php : 518) PHP warning: closedir(): 94 is not a valid Directory resource
[2017-03-23 09:26:40] (ERROR @ /home/pogorelov/Tmp/tmp/modx/core/xpdo/cache/xpdocachemanager.class.php : 518) PHP warning: closedir(): 12 is not a valid Directory resource
[2017-03-23 09:26:40] (ERROR @ /home/pogorelov/Tmp/tmp/modx/core/xpdo/cache/xpdocachemanager.class.php : 510) PHP warning: unlink(/home/pogorelov/Tmp/tmp/modx/setup/lang/hu/default.inc.php): Permission denied
[2017-03-23 09:26:40] (ERROR @ /home/pogorelov/Tmp/tmp/modx/core/xpdo/cache/xpdocachemanager.class.php : 510) PHP warning: unlink(/home/pogorelov/Tmp/tmp/modx/setup/lang/hu/drivers.inc.php): Permission denied
[2017-03-23 09:26:40] (ERROR @ /home/pogorelov/Tmp/tmp/modx/core/xpdo/cache/xpdocachemanager.class.php : 510) PHP warning: unlink(/home/pogorelov/Tmp/tmp/modx/setup/lang/hu/preload.inc.php): Permission denied
[2017-03-23 09:26:40] (ERROR @ /home/pogorelov/Tmp/tmp/modx/core/xpdo/cache/xpdocachemanager.class.php : 510) PHP warning: unlink(/home/pogorelov/Tmp/tmp/modx/setup/lang/hu/upgrades.inc.php): Permission denied
[2017-03-23 09:26:40] (ERROR @ /home/pogorelov/Tmp/tmp/modx/core/xpdo/cache/xpdocachemanager.class.php : 510) PHP warning: unlink(/home/pogorelov/Tmp/tmp/modx/setup/lang/hu/test.inc.php): Permission denied
[2017-03-23 09:26:40] (ERROR @ /home/pogorelov/Tmp/tmp/modx/core/xpdo/cache/xpdocachemanager.class.php : 518) PHP warning: closedir(): 107 is not a valid Directory resource
[2017-03-23 09:26:40] (ERROR @ /home/pogorelov/Tmp/tmp/modx/core/xpdo/cache/xpdocachemanager.class.php : 510) PHP warning: unlink(/home/pogorelov/Tmp/tmp/modx/setup/lang/ar/default.inc.php): Permission denied
[2017-03-23 09:26:40] (ERROR @ /home/pogorelov/Tmp/tmp/modx/core/xpdo/cache/xpdocachemanager.class.php : 510) PHP warning: unlink(/home/pogorelov/Tmp/tmp/modx/setup/lang/ar/drivers.inc.php): Permission denied
[2017-03-23 09:26:40] (ERROR @ /home/pogorelov/Tmp/tmp/modx/core/xpdo/cache/xpdocachemanager.class.php : 510) PHP warning: unlink(/home/pogorelov/Tmp/tmp/modx/setup/lang/ar/preload.inc.php): Permission denied
[2017-03-23 09:26:40] (ERROR @ /home/pogorelov/Tmp/tmp/modx/core/xpdo/cache/xpdocachemanager.class.php : 510) PHP warning: unlink(/home/pogorelov/Tmp/tmp/modx/setup/lang/ar/upgrades.inc.php): Permission denied
[2017-03-23 09:26:40] (ERROR @ /home/pogorelov/Tmp/tmp/modx/core/xpdo/cache/xpdocachemanager.class.php : 510) PHP warning: unlink(/home/pogorelov/Tmp/tmp/modx/setup/lang/ar/test.inc.php): Permission denied
[2017-03-23 09:26:40] (ERROR @ /home/pogorelov/Tmp/tmp/modx/core/xpdo/cache/xpdocachemanager.class.php : 518) PHP warning: closedir(): 114 is not a valid Directory resource
[2017-03-23 09:26:40] (ERROR @ /home/pogorelov/Tmp/tmp/modx/core/xpdo/cache/xpdocachemanager.class.php : 510) PHP warning: unlink(/home/pogorelov/Tmp/tmp/modx/setup/lang/cs/default.inc.php): Permission denied
[2017-03-23 09:26:40] (ERROR @ /home/pogorelov/Tmp/tmp/modx/core/xpdo/cache/xpdocachemanager.class.php : 510) PHP warning: unlink(/home/pogorelov/Tmp/tmp/modx/setup/lang/cs/drivers.inc.php): Permission denied
[2017-03-23 09:26:40] (ERROR @ /home/pogorelov/Tmp/tmp/modx/core/xpdo/cache/xpdocachemanager.class.php : 510) PHP warning: unlink(/home/pogorelov/Tmp/tmp/modx/setup/lang/cs/preload.inc.php): Permission denied
[2017-03-23 09:26:40] (ERROR @ /home/pogorelov/Tmp/tmp/modx/core/xpdo/cache/xpdocachemanager.class.php : 510) PHP warning: unlink(/home/pogorelov/Tmp/tmp/modx/setup/lang/cs/upgrades.inc.php): Permission denied
[2017-03-23 09:26:40] (ERROR @ /home/pogorelov/Tmp/tmp/modx/core/xpdo/cache/xpdocachemanager.class.php : 510) PHP warning: unlink(/home/pogorelov/Tmp/tmp/modx/setup/lang/cs/test.inc.php): Permission denied
[2017-03-23 09:26:40] (ERROR @ /home/pogorelov/Tmp/tmp/modx/core/xpdo/cache/xpdocachemanager.class.php : 518) PHP warning: closedir(): 121 is not a valid Directory resource
[2017-03-23 09:26:40] (ERROR @ /home/pogorelov/Tmp/tmp/modx/core/xpdo/cache/xpdocachemanager.class.php : 510) PHP warning: unlink(/home/pogorelov/Tmp/tmp/modx/setup/lang/it/default.inc.php): Permission denied
[2017-03-23 09:26:40] (ERROR @ /home/pogorelov/Tmp/tmp/modx/core/xpdo/cache/xpdocachemanager.class.php : 510) PHP warning: unlink(/home/pogorelov/Tmp/tmp/modx/setup/lang/it/drivers.inc.php): Permission denied
[2017-03-23 09:26:40] (ERROR @ /home/pogorelov/Tmp/tmp/modx/core/xpdo/cache/xpdocachemanager.class.php : 510) PHP warning: unlink(/home/pogorelov/Tmp/tmp/modx/setup/lang/it/preload.inc.php): Permission denied
[2017-03-23 09:26:40] (ERROR @ /home/pogorelov/Tmp/tmp/modx/core/xpdo/cache/xpdocachemanager.class.php : 510) PHP warning: unlink(/home/pogorelov/Tmp/tmp/modx/setup/lang/it/upgrades.inc.php): Permission denied
[2017-03-23 09:26:40] (ERROR @ /home/pogorelov/Tmp/tmp/modx/core/xpdo/cache/xpdocachemanager.class.php : 510) PHP warning: unlink(/home/pogorelov/Tmp/tmp/modx/setup/lang/it/test.inc.php): Permission denied
[2017-03-23 09:26:40] (ERROR @ /home/pogorelov/Tmp/tmp/modx/core/xpdo/cache/xpdocachemanager.class.php : 518) PHP warning: closedir(): 128 is not a valid Directory resource
[2017-03-23 09:26:40] (ERROR @ /home/pogorelov/Tmp/tmp/modx/core/xpdo/cache/xpdocachemanager.class.php : 510) PHP warning: unlink(/home/pogorelov/Tmp/tmp/modx/setup/lang/es/default.inc.php): Permission denied
[2017-03-23 09:26:40] (ERROR @ /home/pogorelov/Tmp/tmp/modx/core/xpdo/cache/xpdocachemanager.class.php : 510) PHP warning: unlink(/home/pogorelov/Tmp/tmp/modx/setup/lang/es/drivers.inc.php): Permission denied
[2017-03-23 09:26:40] (ERROR @ /home/pogorelov/Tmp/tmp/modx/core/xpdo/cache/xpdocachemanager.class.php : 510) PHP warning: unlink(/home/pogorelov/Tmp/tmp/modx/setup/lang/es/preload.inc.php): Permission denied
[2017-03-23 09:26:40] (ERROR @ /home/pogorelov/Tmp/tmp/modx/core/xpdo/cache/xpdocachemanager.class.php : 510) PHP warning: unlink(/home/pogorelov/Tmp/tmp/modx/setup/lang/es/upgrades.inc.php): Permission denied
[2017-03-23 09:26:40] (ERROR @ /home/pogorelov/Tmp/tmp/modx/core/xpdo/cache/xpdocachemanager.class.php : 510) PHP warning: unlink(/home/pogorelov/Tmp/tmp/modx/setup/lang/es/test.inc.php): Permission denied
[2017-03-23 09:26:40] (ERROR @ /home/pogorelov/Tmp/tmp/modx/core/xpdo/cache/xpdocachemanager.class.php : 518) PHP warning: closedir(): 135 is not a valid Directory resource
[2017-03-23 09:26:40] (ERROR @ /home/pogorelov/Tmp/tmp/modx/core/xpdo/cache/xpdocachemanager.class.php : 510) PHP warning: unlink(/home/pogorelov/Tmp/tmp/modx/setup/lang/fa/default.inc.php): Permission denied
[2017-03-23 09:26:40] (ERROR @ /home/pogorelov/Tmp/tmp/modx/core/xpdo/cache/xpdocachemanager.class.php : 510) PHP warning: unlink(/home/pogorelov/Tmp/tmp/modx/setup/lang/fa/drivers.inc.php): Permission denied
[2017-03-23 09:26:40] (ERROR @ /home/pogorelov/Tmp/tmp/modx/core/xpdo/cache/xpdocachemanager.class.php : 510) PHP warning: unlink(/home/pogorelov/Tmp/tmp/modx/setup/lang/fa/preload.inc.php): Permission denied
[2017-03-23 09:26:40] (ERROR @ /home/pogorelov/Tmp/tmp/modx/core/xpdo/cache/xpdocachemanager.class.php : 510) PHP warning: unlink(/home/pogorelov/Tmp/tmp/modx/setup/lang/fa/upgrades.inc.php): Permission denied
[2017-03-23 09:26:40] (ERROR @ /home/pogorelov/Tmp/tmp/modx/core/xpdo/cache/xpdocachemanager.class.php : 510) PHP warning: unlink(/home/pogorelov/Tmp/tmp/modx/setup/lang/fa/test.inc.php): Permission denied
[2017-03-23 09:26:40] (ERROR @ /home/pogorelov/Tmp/tmp/modx/core/xpdo/cache/xpdocachemanager.class.php : 518) PHP warning: closedir(): 142 is not a valid Directory resource
[2017-03-23 09:26:40] (ERROR @ /home/pogorelov/Tmp/tmp/modx/core/xpdo/cache/xpdocachemanager.class.php : 510) PHP warning: unlink(/home/pogorelov/Tmp/tmp/modx/setup/lang/pt-br/default.inc.php): Permission denied
[2017-03-23 09:26:40] (ERROR @ /home/pogorelov/Tmp/tmp/modx/core/xpdo/cache/xpdocachemanager.class.php : 510) PHP warning: unlink(/home/pogorelov/Tmp/tmp/modx/setup/lang/pt-br/drivers.inc.php): Permission denied
[2017-03-23 09:26:40] (ERROR @ /home/pogorelov/Tmp/tmp/modx/core/xpdo/cache/xpdocachemanager.class.php : 510) PHP warning: unlink(/home/pogorelov/Tmp/tmp/modx/setup/lang/pt-br/preload.inc.php): Permission denied
[2017-03-23 09:26:40] (ERROR @ /home/pogorelov/Tmp/tmp/modx/core/xpdo/cache/xpdocachemanager.class.php : 510) PHP warning: unlink(/home/pogorelov/Tmp/tmp/modx/setup/lang/pt-br/upgrades.inc.php): Permission denied
[2017-03-23 09:26:40] (ERROR @ /home/pogorelov/Tmp/tmp/modx/core/xpdo/cache/xpdocachemanager.class.php : 510) PHP warning: unlink(/home/pogorelov/Tmp/tmp/modx/setup/lang/pt-br/test.inc.php): Permission denied
[2017-03-23 09:26:40] (ERROR @ /home/pogorelov/Tmp/tmp/modx/core/xpdo/cache/xpdocachemanager.class.php : 518) PHP warning: closedir(): 149 is not a valid Directory resource
[2017-03-23 09:26:40] (ERROR @ /home/pogorelov/Tmp/tmp/modx/core/xpdo/cache/xpdocachemanager.class.php : 510) PHP warning: unlink(/home/pogorelov/Tmp/tmp/modx/setup/lang/th/default.inc.php): Permission denied
[2017-03-23 09:26:40] (ERROR @ /home/pogorelov/Tmp/tmp/modx/core/xpdo/cache/xpdocachemanager.class.php : 510) PHP warning: unlink(/home/pogorelov/Tmp/tmp/modx/setup/lang/th/drivers.inc.php): Permission denied
[2017-03-23 09:26:40] (ERROR @ /home/pogorelov/Tmp/tmp/modx/core/xpdo/cache/xpdocachemanager.class.php : 510) PHP warning: unlink(/home/pogorelov/Tmp/tmp/modx/setup/lang/th/preload.inc.php): Permission denied
[2017-03-23 09:26:40] (ERROR @ /home/pogorelov/Tmp/tmp/modx/core/xpdo/cache/xpdocachemanager.class.php : 510) PHP warning: unlink(/home/pogorelov/Tmp/tmp/modx/setup/lang/th/upgrades.inc.php): Permission denied
[2017-03-23 09:26:40] (ERROR @ /home/pogorelov/Tmp/tmp/modx/core/xpdo/cache/xpdocachemanager.class.php : 510) PHP warning: unlink(/home/pogorelov/Tmp/tmp/modx/setup/lang/th/test.inc.php): Permission denied
[2017-03-23 09:26:40] (ERROR @ /home/pogorelov/Tmp/tmp/modx/core/xpdo/cache/xpdocachemanager.class.php : 518) PHP warning: closedir(): 156 is not a valid Directory resource
[2017-03-23 09:26:40] (ERROR @ /home/pogorelov/Tmp/tmp/modx/core/xpdo/cache/xpdocachemanager.class.php : 510) PHP warning: unlink(/home/pogorelov/Tmp/tmp/modx/setup/lang/be/default.inc.php): Permission denied
[2017-03-23 09:26:40] (ERROR @ /home/pogorelov/Tmp/tmp/modx/core/xpdo/cache/xpdocachemanager.class.php : 510) PHP warning: unlink(/home/pogorelov/Tmp/tmp/modx/setup/lang/be/drivers.inc.php): Permission denied
[2017-03-23 09:26:40] (ERROR @ /home/pogorelov/Tmp/tmp/modx/core/xpdo/cache/xpdocachemanager.class.php : 510) PHP warning: unlink(/home/pogorelov/Tmp/tmp/modx/setup/lang/be/preload.inc.php): Permission denied
[2017-03-23 09:26:40] (ERROR @ /home/pogorelov/Tmp/tmp/modx/core/xpdo/cache/xpdocachemanager.class.php : 510) PHP warning: unlink(/home/pogorelov/Tmp/tmp/modx/setup/lang/be/upgrades.inc.php): Permission denied
[2017-03-23 09:26:40] (ERROR @ /home/pogorelov/Tmp/tmp/modx/core/xpdo/cache/xpdocachemanager.class.php : 510) PHP warning: unlink(/home/pogorelov/Tmp/tmp/modx/setup/lang/be/test.inc.php): Permission denied
[2017-03-23 09:26:40] (ERROR @ /home/pogorelov/Tmp/tmp/modx/core/xpdo/cache/xpdocachemanager.class.php : 518) PHP warning: closedir(): 163 is not a valid Directory resource
[2017-03-23 09:26:40] (ERROR @ /home/pogorelov/Tmp/tmp/modx/core/xpdo/cache/xpdocachemanager.class.php : 510) PHP warning: unlink(/home/pogorelov/Tmp/tmp/modx/setup/lang/et/default.inc.php): Permission denied
[2017-03-23 09:26:40] (ERROR @ /home/pogorelov/Tmp/tmp/modx/core/xpdo/cache/xpdocachemanager.class.php : 510) PHP warning: unlink(/home/pogorelov/Tmp/tmp/modx/setup/lang/et/drivers.inc.php): Permission denied
[2017-03-23 09:26:40] (ERROR @ /home/pogorelov/Tmp/tmp/modx/core/xpdo/cache/xpdocachemanager.class.php : 510) PHP warning: unlink(/home/pogorelov/Tmp/tmp/modx/setup/lang/et/preload.inc.php): Permission denied
[2017-03-23 09:26:40] (ERROR @ /home/pogorelov/Tmp/tmp/modx/core/xpdo/cache/xpdocachemanager.class.php : 510) PHP warning: unlink(/home/pogorelov/Tmp/tmp/modx/setup/lang/et/upgrades.inc.php): Permission denied
[2017-03-23 09:26:40] (ERROR @ /home/pogorelov/Tmp/tmp/modx/core/xpdo/cache/xpdocachemanager.class.php : 510) PHP warning: unlink(/home/pogorelov/Tmp/tmp/modx/setup/lang/et/test.inc.php): Permission denied
[2017-03-23 09:26:40] (ERROR @ /home/pogorelov/Tmp/tmp/modx/core/xpdo/cache/xpdocachemanager.class.php : 518) PHP warning: closedir(): 170 is not a valid Directory resource
[2017-03-23 09:26:40] (ERROR @ /home/pogorelov/Tmp/tmp/modx/core/xpdo/cache/xpdocachemanager.class.php : 510) PHP warning: unlink(/home/pogorelov/Tmp/tmp/modx/setup/lang/id/default.inc.php): Permission denied
[2017-03-23 09:26:40] (ERROR @ /home/pogorelov/Tmp/tmp/modx/core/xpdo/cache/xpdocachemanager.class.php : 510) PHP warning: unlink(/home/pogorelov/Tmp/tmp/modx/setup/lang/id/drivers.inc.php): Permission denied
[2017-03-23 09:26:40] (ERROR @ /home/pogorelov/Tmp/tmp/modx/core/xpdo/cache/xpdocachemanager.class.php : 510) PHP warning: unlink(/home/pogorelov/Tmp/tmp/modx/setup/lang/id/preload.inc.php): Permission denied
[2017-03-23 09:26:40] (ERROR @ /home/pogorelov/Tmp/tmp/modx/core/xpdo/cache/xpdocachemanager.class.php : 510) PHP warning: unlink(/home/pogorelov/Tmp/tmp/modx/setup/lang/id/upgrades.inc.php): Permission denied
[2017-03-23 09:26:40] (ERROR @ /home/pogorelov/Tmp/tmp/modx/core/xpdo/cache/xpdocachemanager.class.php : 510) PHP warning: unlink(/home/pogorelov/Tmp/tmp/modx/setup/lang/id/test.inc.php): Permission denied
[2017-03-23 09:26:40] (ERROR @ /home/pogorelov/Tmp/tmp/modx/core/xpdo/cache/xpdocachemanager.class.php : 518) PHP warning: closedir(): 177 is not a valid Directory resource
[2017-03-23 09:26:40] (ERROR @ /home/pogorelov/Tmp/tmp/modx/core/xpdo/cache/xpdocachemanager.class.php : 510) PHP warning: unlink(/home/pogorelov/Tmp/tmp/modx/setup/lang/el/default.inc.php): Permission denied
[2017-03-23 09:26:40] (ERROR @ /home/pogorelov/Tmp/tmp/modx/core/xpdo/cache/xpdocachemanager.class.php : 510) PHP warning: unlink(/home/pogorelov/Tmp/tmp/modx/setup/lang/el/drivers.inc.php): Permission denied
[2017-03-23 09:26:40] (ERROR @ /home/pogorelov/Tmp/tmp/modx/core/xpdo/cache/xpdocachemanager.class.php : 510) PHP warning: unlink(/home/pogorelov/Tmp/tmp/modx/setup/lang/el/preload.inc.php): Permission denied
[2017-03-23 09:26:40] (ERROR @ /home/pogorelov/Tmp/tmp/modx/core/xpdo/cache/xpdocachemanager.class.php : 510) PHP warning: unlink(/home/pogorelov/Tmp/tmp/modx/setup/lang/el/upgrades.inc.php): Permission denied
[2017-03-23 09:26:40] (ERROR @ /home/pogorelov/Tmp/tmp/modx/core/xpdo/cache/xpdocachemanager.class.php : 510) PHP warning: unlink(/home/pogorelov/Tmp/tmp/modx/setup/lang/el/test.inc.php): Permission denied
[2017-03-23 09:26:40] (ERROR @ /home/pogorelov/Tmp/tmp/modx/core/xpdo/cache/xpdocachemanager.class.php : 518) PHP warning: closedir(): 184 is not a valid Directory resource
[2017-03-23 09:26:40] (ERROR @ /home/pogorelov/Tmp/tmp/modx/core/xpdo/cache/xpdocachemanager.class.php : 510) PHP warning: unlink(/home/pogorelov/Tmp/tmp/modx/setup/lang/ru/default.inc.php): Permission denied
[2017-03-23 09:26:40] (ERROR @ /home/pogorelov/Tmp/tmp/modx/core/xpdo/cache/xpdocachemanager.class.php : 510) PHP warning: unlink(/home/pogorelov/Tmp/tmp/modx/setup/lang/ru/drivers.inc.php): Permission denied
[2017-03-23 09:26:40] (ERROR @ /home/pogorelov/Tmp/tmp/modx/core/xpdo/cache/xpdocachemanager.class.php : 510) PHP warning: unlink(/home/pogorelov/Tmp/tmp/modx/setup/lang/ru/preload.inc.php): Permission denied
[2017-03-23 09:26:40] (ERROR @ /home/pogorelov/Tmp/tmp/modx/core/xpdo/cache/xpdocachemanager.class.php : 510) PHP warning: unlink(/home/pogorelov/Tmp/tmp/modx/setup/lang/ru/upgrades.inc.php): Permission denied
[2017-03-23 09:26:40] (ERROR @ /home/pogorelov/Tmp/tmp/modx/core/xpdo/cache/xpdocachemanager.class.php : 510) PHP warning: unlink(/home/pogorelov/Tmp/tmp/modx/setup/lang/ru/test.inc.php): Permission denied
[2017-03-23 09:26:40] (ERROR @ /home/pogorelov/Tmp/tmp/modx/core/xpdo/cache/xpdocachemanager.class.php : 518) PHP warning: closedir(): 191 is not a valid Directory resource
[2017-03-23 09:26:40] (ERROR @ /home/pogorelov/Tmp/tmp/modx/core/xpdo/cache/xpdocachemanager.class.php : 510) PHP warning: unlink(/home/pogorelov/Tmp/tmp/modx/setup/lang/fi/default.inc.php): Permission denied
[2017-03-23 09:26:40] (ERROR @ /home/pogorelov/Tmp/tmp/modx/core/xpdo/cache/xpdocachemanager.class.php : 510) PHP warning: unlink(/home/pogorelov/Tmp/tmp/modx/setup/lang/fi/drivers.inc.php): Permission denied
[2017-03-23 09:26:40] (ERROR @ /home/pogorelov/Tmp/tmp/modx/core/xpdo/cache/xpdocachemanager.class.php : 510) PHP warning: unlink(/home/pogorelov/Tmp/tmp/modx/setup/lang/fi/preload.inc.php): Permission denied
[2017-03-23 09:26:40] (ERROR @ /home/pogorelov/Tmp/tmp/modx/core/xpdo/cache/xpdocachemanager.class.php : 510) PHP warning: unlink(/home/pogorelov/Tmp/tmp/modx/setup/lang/fi/upgrades.inc.php): Permission denied
[2017-03-23 09:26:40] (ERROR @ /home/pogorelov/Tmp/tmp/modx/core/xpdo/cache/xpdocachemanager.class.php : 510) PHP warning: unlink(/home/pogorelov/Tmp/tmp/modx/setup/lang/fi/test.inc.php): Permission denied
[2017-03-23 09:26:40] (ERROR @ /home/pogorelov/Tmp/tmp/modx/core/xpdo/cache/xpdocachemanager.class.php : 518) PHP warning: closedir(): 198 is not a valid Directory resource
[2017-03-23 09:26:40] (ERROR @ /home/pogorelov/Tmp/tmp/modx/core/xpdo/cache/xpdocachemanager.class.php : 510) PHP warning: unlink(/home/pogorelov/Tmp/tmp/modx/setup/lang/hi/default.inc.php): Permission denied
[2017-03-23 09:26:40] (ERROR @ /home/pogorelov/Tmp/tmp/modx/core/xpdo/cache/xpdocachemanager.class.php : 510) PHP warning: unlink(/home/pogorelov/Tmp/tmp/modx/setup/lang/hi/drivers.inc.php): Permission denied
[2017-03-23 09:26:40] (ERROR @ /home/pogorelov/Tmp/tmp/modx/core/xpdo/cache/xpdocachemanager.class.php : 510) PHP warning: unlink(/home/pogorelov/Tmp/tmp/modx/setup/lang/hi/preload.inc.php): Permission denied
[2017-03-23 09:26:40] (ERROR @ /home/pogorelov/Tmp/tmp/modx/core/xpdo/cache/xpdocachemanager.class.php : 510) PHP warning: unlink(/home/pogorelov/Tmp/tmp/modx/setup/lang/hi/upgrades.inc.php): Permission denied
[2017-03-23 09:26:40] (ERROR @ /home/pogorelov/Tmp/tmp/modx/core/xpdo/cache/xpdocachemanager.class.php : 510) PHP warning: unlink(/home/pogorelov/Tmp/tmp/modx/setup/lang/hi/test.inc.php): Permission denied
[2017-03-23 09:26:40] (ERROR @ /home/pogorelov/Tmp/tmp/modx/core/xpdo/cache/xpdocachemanager.class.php : 518) PHP warning: closedir(): 205 is not a valid Directory resource
[2017-03-23 09:26:40] (ERROR @ /home/pogorelov/Tmp/tmp/modx/core/xpdo/cache/xpdocachemanager.class.php : 510) PHP warning: unlink(/home/pogorelov/Tmp/tmp/modx/setup/lang/ro/default.inc.php): Permission denied
[2017-03-23 09:26:40] (ERROR @ /home/pogorelov/Tmp/tmp/modx/core/xpdo/cache/xpdocachemanager.class.php : 510) PHP warning: unlink(/home/pogorelov/Tmp/tmp/modx/setup/lang/ro/drivers.inc.php): Permission denied
[2017-03-23 09:26:40] (ERROR @ /home/pogorelov/Tmp/tmp/modx/core/xpdo/cache/xpdocachemanager.class.php : 510) PHP warning: unlink(/home/pogorelov/Tmp/tmp/modx/setup/lang/ro/preload.inc.php): Permission denied
[2017-03-23 09:26:40] (ERROR @ /home/pogorelov/Tmp/tmp/modx/core/xpdo/cache/xpdocachemanager.class.php : 510) PHP warning: unlink(/home/pogorelov/Tmp/tmp/modx/setup/lang/ro/upgrades.inc.php): Permission denied
[2017-03-23 09:26:40] (ERROR @ /home/pogorelov/Tmp/tmp/modx/core/xpdo/cache/xpdocachemanager.class.php : 510) PHP warning: unlink(/home/pogorelov/Tmp/tmp/modx/setup/lang/ro/test.inc.php): Permission denied
[2017-03-23 09:26:40] (ERROR @ /home/pogorelov/Tmp/tmp/modx/core/xpdo/cache/xpdocachemanager.class.php : 518) PHP warning: closedir(): 212 is not a valid Directory resource
[2017-03-23 09:26:40] (ERROR @ /home/pogorelov/Tmp/tmp/modx/core/xpdo/cache/xpdocachemanager.class.php : 510) PHP warning: unlink(/home/pogorelov/Tmp/tmp/modx/setup/lang/de/default.inc.php): Permission denied
[2017-03-23 09:26:40] (ERROR @ /home/pogorelov/Tmp/tmp/modx/core/xpdo/cache/xpdocachemanager.class.php : 510) PHP warning: unlink(/home/pogorelov/Tmp/tmp/modx/setup/lang/de/drivers.inc.php): Permission denied
[2017-03-23 09:26:40] (ERROR @ /home/pogorelov/Tmp/tmp/modx/core/xpdo/cache/xpdocachemanager.class.php : 510) PHP warning: unlink(/home/pogorelov/Tmp/tmp/modx/setup/lang/de/preload.inc.php): Permission denied
[2017-03-23 09:26:40] (ERROR @ /home/pogorelov/Tmp/tmp/modx/core/xpdo/cache/xpdocachemanager.class.php : 510) PHP warning: unlink(/home/pogorelov/Tmp/tmp/modx/setup/lang/de/upgrades.inc.php): Permission denied
[2017-03-23 09:26:40] (ERROR @ /home/pogorelov/Tmp/tmp/modx/core/xpdo/cache/xpdocachemanager.class.php : 510) PHP warning: unlink(/home/pogorelov/Tmp/tmp/modx/setup/lang/de/test.inc.php): Permission denied
[2017-03-23 09:26:40] (ERROR @ /home/pogorelov/Tmp/tmp/modx/core/xpdo/cache/xpdocachemanager.class.php : 518) PHP warning: closedir(): 219 is not a valid Directory resource
[2017-03-23 09:26:40] (ERROR @ /home/pogorelov/Tmp/tmp/modx/core/xpdo/cache/xpdocachemanager.class.php : 510) PHP warning: unlink(/home/pogorelov/Tmp/tmp/modx/setup/lang/en/default.inc.php): Permission denied
[2017-03-23 09:26:40] (ERROR @ /home/pogorelov/Tmp/tmp/modx/core/xpdo/cache/xpdocachemanager.class.php : 510) PHP warning: unlink(/home/pogorelov/Tmp/tmp/modx/setup/lang/en/drivers.inc.php): Permission denied
[2017-03-23 09:26:40] (ERROR @ /home/pogorelov/Tmp/tmp/modx/core/xpdo/cache/xpdocachemanager.class.php : 510) PHP warning: unlink(/home/pogorelov/Tmp/tmp/modx/setup/lang/en/preload.inc.php): Permission denied
[2017-03-23 09:26:40] (ERROR @ /home/pogorelov/Tmp/tmp/modx/core/xpdo/cache/xpdocachemanager.class.php : 510) PHP warning: unlink(/home/pogorelov/Tmp/tmp/modx/setup/lang/en/upgrades.inc.php): Permission denied
[2017-03-23 09:26:40] (ERROR @ /home/pogorelov/Tmp/tmp/modx/core/xpdo/cache/xpdocachemanager.class.php : 510) PHP warning: unlink(/home/pogorelov/Tmp/tmp/modx/setup/lang/en/test.inc.php): Permission denied
[2017-03-23 09:26:40] (ERROR @ /home/pogorelov/Tmp/tmp/modx/core/xpdo/cache/xpdocachemanager.class.php : 518) PHP warning: closedir(): 226 is not a valid Directory resource
[2017-03-23 09:26:40] (ERROR @ /home/pogorelov/Tmp/tmp/modx/core/xpdo/cache/xpdocachemanager.class.php : 510) PHP warning: unlink(/home/pogorelov/Tmp/tmp/modx/setup/lang/pl/default.inc.php): Permission denied
[2017-03-23 09:26:40] (ERROR @ /home/pogorelov/Tmp/tmp/modx/core/xpdo/cache/xpdocachemanager.class.php : 510) PHP warning: unlink(/home/pogorelov/Tmp/tmp/modx/setup/lang/pl/drivers.inc.php): Permission denied
[2017-03-23 09:26:40] (ERROR @ /home/pogorelov/Tmp/tmp/modx/core/xpdo/cache/xpdocachemanager.class.php : 510) PHP warning: unlink(/home/pogorelov/Tmp/tmp/modx/setup/lang/pl/preload.inc.php): Permission denied
[2017-03-23 09:26:40] (ERROR @ /home/pogorelov/Tmp/tmp/modx/core/xpdo/cache/xpdocachemanager.class.php : 510) PHP warning: unlink(/home/pogorelov/Tmp/tmp/modx/setup/lang/pl/upgrades.inc.php): Permission denied
[2017-03-23 09:26:40] (ERROR @ /home/pogorelov/Tmp/tmp/modx/core/xpdo/cache/xpdocachemanager.class.php : 510) PHP warning: unlink(/home/pogorelov/Tmp/tmp/modx/setup/lang/pl/test.inc.php): Permission denied
[2017-03-23 09:26:40] (ERROR @ /home/pogorelov/Tmp/tmp/modx/core/xpdo/cache/xpdocachemanager.class.php : 518) PHP warning: closedir(): 233 is not a valid Directory resource
[2017-03-23 09:26:40] (ERROR @ /home/pogorelov/Tmp/tmp/modx/core/xpdo/cache/xpdocachemanager.class.php : 510) PHP warning: unlink(/home/pogorelov/Tmp/tmp/modx/setup/lang/uk/default.inc.php): Permission denied
[2017-03-23 09:26:40] (ERROR @ /home/pogorelov/Tmp/tmp/modx/core/xpdo/cache/xpdocachemanager.class.php : 510) PHP warning: unlink(/home/pogorelov/Tmp/tmp/modx/setup/lang/uk/drivers.inc.php): Permission denied
[2017-03-23 09:26:40] (ERROR @ /home/pogorelov/Tmp/tmp/modx/core/xpdo/cache/xpdocachemanager.class.php : 510) PHP warning: unlink(/home/pogorelov/Tmp/tmp/modx/setup/lang/uk/preload.inc.php): Permission denied
[2017-03-23 09:26:40] (ERROR @ /home/pogorelov/Tmp/tmp/modx/core/xpdo/cache/xpdocachemanager.class.php : 510) PHP warning: unlink(/home/pogorelov/Tmp/tmp/modx/setup/lang/uk/upgrades.inc.php): Permission denied
[2017-03-23 09:26:40] (ERROR @ /home/pogorelov/Tmp/tmp/modx/core/xpdo/cache/xpdocachemanager.class.php : 510) PHP warning: unlink(/home/pogorelov/Tmp/tmp/modx/setup/lang/uk/test.inc.php): Permission denied
[2017-03-23 09:26:40] (ERROR @ /home/pogorelov/Tmp/tmp/modx/core/xpdo/cache/xpdocachemanager.class.php : 518) PHP warning: closedir(): 240 is not a valid Directory resource
[2017-03-23 09:26:40] (ERROR @ /home/pogorelov/Tmp/tmp/modx/core/xpdo/cache/xpdocachemanager.class.php : 510) PHP warning: unlink(/home/pogorelov/Tmp/tmp/modx/setup/lang/he/default.inc.php): Permission denied
[2017-03-23 09:26:40] (ERROR @ /home/pogorelov/Tmp/tmp/modx/core/xpdo/cache/xpdocachemanager.class.php : 510) PHP warning: unlink(/home/pogorelov/Tmp/tmp/modx/setup/lang/he/drivers.inc.php): Permission denied
[2017-03-23 09:26:40] (ERROR @ /home/pogorelov/Tmp/tmp/modx/core/xpdo/cache/xpdocachemanager.class.php : 510) PHP warning: unlink(/home/pogorelov/Tmp/tmp/modx/setup/lang/he/preload.inc.php): Permission denied
[2017-03-23 09:26:40] (ERROR @ /home/pogorelov/Tmp/tmp/modx/core/xpdo/cache/xpdocachemanager.class.php : 510) PHP warning: unlink(/home/pogorelov/Tmp/tmp/modx/setup/lang/he/upgrades.inc.php): Permission denied
[2017-03-23 09:26:40] (ERROR @ /home/pogorelov/Tmp/tmp/modx/core/xpdo/cache/xpdocachemanager.class.php : 510) PHP warning: unlink(/home/pogorelov/Tmp/tmp/modx/setup/lang/he/test.inc.php): Permission denied
[2017-03-23 09:26:40] (ERROR @ /home/pogorelov/Tmp/tmp/modx/core/xpdo/cache/xpdocachemanager.class.php : 518) PHP warning: closedir(): 247 is not a valid Directory resource
[2017-03-23 09:26:40] (ERROR @ /home/pogorelov/Tmp/tmp/modx/core/xpdo/cache/xpdocachemanager.class.php : 510) PHP warning: unlink(/home/pogorelov/Tmp/tmp/modx/setup/lang/ja/default.inc.php): Permission denied
[2017-03-23 09:26:40] (ERROR @ /home/pogorelov/Tmp/tmp/modx/core/xpdo/cache/xpdocachemanager.class.php : 510) PHP warning: unlink(/home/pogorelov/Tmp/tmp/modx/setup/lang/ja/drivers.inc.php): Permission denied
[2017-03-23 09:26:40] (ERROR @ /home/pogorelov/Tmp/tmp/modx/core/xpdo/cache/xpdocachemanager.class.php : 510) PHP warning: unlink(/home/pogorelov/Tmp/tmp/modx/setup/lang/ja/preload.inc.php): Permission denied
[2017-03-23 09:26:40] (ERROR @ /home/pogorelov/Tmp/tmp/modx/core/xpdo/cache/xpdocachemanager.class.php : 510) PHP warning: unlink(/home/pogorelov/Tmp/tmp/modx/setup/lang/ja/upgrades.inc.php): Permission denied
[2017-03-23 09:26:40] (ERROR @ /home/pogorelov/Tmp/tmp/modx/core/xpdo/cache/xpdocachemanager.class.php : 510) PHP warning: unlink(/home/pogorelov/Tmp/tmp/modx/setup/lang/ja/test.inc.php): Permission denied
[2017-03-23 09:26:40] (ERROR @ /home/pogorelov/Tmp/tmp/modx/core/xpdo/cache/xpdocachemanager.class.php : 518) PHP warning: closedir(): 254 is not a valid Directory resource
[2017-03-23 09:26:40] (ERROR @ /home/pogorelov/Tmp/tmp/modx/core/xpdo/cache/xpdocachemanager.class.php : 510) PHP warning: unlink(/home/pogorelov/Tmp/tmp/modx/setup/lang/fr/default.inc.php): Permission denied
[2017-03-23 09:26:40] (ERROR @ /home/pogorelov/Tmp/tmp/modx/core/xpdo/cache/xpdocachemanager.class.php : 510) PHP warning: unlink(/home/pogorelov/Tmp/tmp/modx/setup/lang/fr/drivers.inc.php): Permission denied
[2017-03-23 09:26:40] (ERROR @ /home/pogorelov/Tmp/tmp/modx/core/xpdo/cache/xpdocachemanager.class.php : 510) PHP warning: unlink(/home/pogorelov/Tmp/tmp/modx/setup/lang/fr/preload.inc.php): Permission denied
[2017-03-23 09:26:40] (ERROR @ /home/pogorelov/Tmp/tmp/modx/core/xpdo/cache/xpdocachemanager.class.php : 510) PHP warning: unlink(/home/pogorelov/Tmp/tmp/modx/setup/lang/fr/upgrades.inc.php): Permission denied
[2017-03-23 09:26:40] (ERROR @ /home/pogorelov/Tmp/tmp/modx/core/xpdo/cache/xpdocachemanager.class.php : 510) PHP warning: unlink(/home/pogorelov/Tmp/tmp/modx/setup/lang/fr/test.inc.php): Permission denied
[2017-03-23 09:26:40] (ERROR @ /home/pogorelov/Tmp/tmp/modx/core/xpdo/cache/xpdocachemanager.class.php : 518) PHP warning: closedir(): 261 is not a valid Directory resource
[2017-03-23 09:26:40] (ERROR @ /home/pogorelov/Tmp/tmp/modx/core/xpdo/cache/xpdocachemanager.class.php : 510) PHP warning: unlink(/home/pogorelov/Tmp/tmp/modx/setup/lang/zh/default.inc.php): Permission denied
[2017-03-23 09:26:40] (ERROR @ /home/pogorelov/Tmp/tmp/modx/core/xpdo/cache/xpdocachemanager.class.php : 510) PHP warning: unlink(/home/pogorelov/Tmp/tmp/modx/setup/lang/zh/drivers.inc.php): Permission denied
[2017-03-23 09:26:40] (ERROR @ /home/pogorelov/Tmp/tmp/modx/core/xpdo/cache/xpdocachemanager.class.php : 510) PHP warning: unlink(/home/pogorelov/Tmp/tmp/modx/setup/lang/zh/preload.inc.php): Permission denied
[2017-03-23 09:26:40] (ERROR @ /home/pogorelov/Tmp/tmp/modx/core/xpdo/cache/xpdocachemanager.class.php : 510) PHP warning: unlink(/home/pogorelov/Tmp/tmp/modx/setup/lang/zh/upgrades.inc.php): Permission denied
[2017-03-23 09:26:40] (ERROR @ /home/pogorelov/Tmp/tmp/modx/core/xpdo/cache/xpdocachemanager.class.php : 510) PHP warning: unlink(/home/pogorelov/Tmp/tmp/modx/setup/lang/zh/test.inc.php): Permission denied
[2017-03-23 09:26:40] (ERROR @ /home/pogorelov/Tmp/tmp/modx/core/xpdo/cache/xpdocachemanager.class.php : 518) PHP warning: closedir(): 268 is not a valid Directory resource
[2017-03-23 09:26:40] (ERROR @ /home/pogorelov/Tmp/tmp/modx/core/xpdo/cache/xpdocachemanager.class.php : 510) PHP warning: unlink(/home/pogorelov/Tmp/tmp/modx/setup/lang/bg/default.inc.php): Permission denied
[2017-03-23 09:26:40] (ERROR @ /home/pogorelov/Tmp/tmp/modx/core/xpdo/cache/xpdocachemanager.class.php : 510) PHP warning: unlink(/home/pogorelov/Tmp/tmp/modx/setup/lang/bg/drivers.inc.php): Permission denied
[2017-03-23 09:26:40] (ERROR @ /home/pogorelov/Tmp/tmp/modx/core/xpdo/cache/xpdocachemanager.class.php : 510) PHP warning: unlink(/home/pogorelov/Tmp/tmp/modx/setup/lang/bg/preload.inc.php): Permission denied
[2017-03-23 09:26:40] (ERROR @ /home/pogorelov/Tmp/tmp/modx/core/xpdo/cache/xpdocachemanager.class.php : 510) PHP warning: unlink(/home/pogorelov/Tmp/tmp/modx/setup/lang/bg/upgrades.inc.php): Permission denied
[2017-03-23 09:26:40] (ERROR @ /home/pogorelov/Tmp/tmp/modx/core/xpdo/cache/xpdocachemanager.class.php : 510) PHP warning: unlink(/home/pogorelov/Tmp/tmp/modx/setup/lang/bg/test.inc.php): Permission denied
[2017-03-23 09:26:40] (ERROR @ /home/pogorelov/Tmp/tmp/modx/core/xpdo/cache/xpdocachemanager.class.php : 518) PHP warning: closedir(): 275 is not a valid Directory resource
[2017-03-23 09:26:40] (ERROR @ /home/pogorelov/Tmp/tmp/modx/core/xpdo/cache/xpdocachemanager.class.php : 510) PHP warning: unlink(/home/pogorelov/Tmp/tmp/modx/setup/lang/da/default.inc.php): Permission denied
[2017-03-23 09:26:40] (ERROR @ /home/pogorelov/Tmp/tmp/modx/core/xpdo/cache/xpdocachemanager.class.php : 510) PHP warning: unlink(/home/pogorelov/Tmp/tmp/modx/setup/lang/da/drivers.inc.php): Permission denied
[2017-03-23 09:26:40] (ERROR @ /home/pogorelov/Tmp/tmp/modx/core/xpdo/cache/xpdocachemanager.class.php : 510) PHP warning: unlink(/home/pogorelov/Tmp/tmp/modx/setup/lang/da/preload.inc.php): Permission denied
[2017-03-23 09:26:40] (ERROR @ /home/pogorelov/Tmp/tmp/modx/core/xpdo/cache/xpdocachemanager.class.php : 510) PHP warning: unlink(/home/pogorelov/Tmp/tmp/modx/setup/lang/da/upgrades.inc.php): Permission denied
[2017-03-23 09:26:40] (ERROR @ /home/pogorelov/Tmp/tmp/modx/core/xpdo/cache/xpdocachemanager.class.php : 510) PHP warning: unlink(/home/pogorelov/Tmp/tmp/modx/setup/lang/da/test.inc.php): Permission denied
[2017-03-23 09:26:40] (ERROR @ /home/pogorelov/Tmp/tmp/modx/core/xpdo/cache/xpdocachemanager.class.php : 518) PHP warning: closedir(): 282 is not a valid Directory resource
[2017-03-23 09:26:40] (ERROR @ /home/pogorelov/Tmp/tmp/modx/core/xpdo/cache/xpdocachemanager.class.php : 510) PHP warning: unlink(/home/pogorelov/Tmp/tmp/modx/setup/lang/nl/default.inc.php): Permission denied
[2017-03-23 09:26:40] (ERROR @ /home/pogorelov/Tmp/tmp/modx/core/xpdo/cache/xpdocachemanager.class.php : 510) PHP warning: unlink(/home/pogorelov/Tmp/tmp/modx/setup/lang/nl/drivers.inc.php): Permission denied
[2017-03-23 09:26:40] (ERROR @ /home/pogorelov/Tmp/tmp/modx/core/xpdo/cache/xpdocachemanager.class.php : 510) PHP warning: unlink(/home/pogorelov/Tmp/tmp/modx/setup/lang/nl/preload.inc.php): Permission denied
[2017-03-23 09:26:40] (ERROR @ /home/pogorelov/Tmp/tmp/modx/core/xpdo/cache/xpdocachemanager.class.php : 510) PHP warning: unlink(/home/pogorelov/Tmp/tmp/modx/setup/lang/nl/upgrades.inc.php): Permission denied
[2017-03-23 09:26:40] (ERROR @ /home/pogorelov/Tmp/tmp/modx/core/xpdo/cache/xpdocachemanager.class.php : 510) PHP warning: unlink(/home/pogorelov/Tmp/tmp/modx/setup/lang/nl/test.inc.php): Permission denied
[2017-03-23 09:26:40] (ERROR @ /home/pogorelov/Tmp/tmp/modx/core/xpdo/cache/xpdocachemanager.class.php : 518) PHP warning: closedir(): 289 is not a valid Directory resource
[2017-03-23 09:26:40] (ERROR @ /home/pogorelov/Tmp/tmp/modx/core/xpdo/cache/xpdocachemanager.class.php : 510) PHP warning: unlink(/home/pogorelov/Tmp/tmp/modx/setup/lang/sv/default.inc.php): Permission denied
[2017-03-23 09:26:40] (ERROR @ /home/pogorelov/Tmp/tmp/modx/core/xpdo/cache/xpdocachemanager.class.php : 510) PHP warning: unlink(/home/pogorelov/Tmp/tmp/modx/setup/lang/sv/drivers.inc.php): Permission denied
[2017-03-23 09:26:40] (ERROR @ /home/pogorelov/Tmp/tmp/modx/core/xpdo/cache/xpdocachemanager.class.php : 510) PHP warning: unlink(/home/pogorelov/Tmp/tmp/modx/setup/lang/sv/preload.inc.php): Permission denied
[2017-03-23 09:26:40] (ERROR @ /home/pogorelov/Tmp/tmp/modx/core/xpdo/cache/xpdocachemanager.class.php : 510) PHP warning: unlink(/home/pogorelov/Tmp/tmp/modx/setup/lang/sv/upgrades.inc.php): Permission denied
[2017-03-23 09:26:40] (ERROR @ /home/pogorelov/Tmp/tmp/modx/core/xpdo/cache/xpdocachemanager.class.php : 510) PHP warning: unlink(/home/pogorelov/Tmp/tmp/modx/setup/lang/sv/test.inc.php): Permission denied
[2017-03-23 09:26:40] (ERROR @ /home/pogorelov/Tmp/tmp/modx/core/xpdo/cache/xpdocachemanager.class.php : 518) PHP warning: closedir(): 296 is not a valid Directory resource
[2017-03-23 09:26:40] (ERROR @ /home/pogorelov/Tmp/tmp/modx/core/xpdo/cache/xpdocachemanager.class.php : 510) PHP warning: unlink(/home/pogorelov/Tmp/tmp/modx/setup/provisioner/bootstrap.php): Permission denied
[2017-03-23 09:26:40] (ERROR @ /home/pogorelov/Tmp/tmp/modx/core/xpdo/cache/xpdocachemanager.class.php : 518) PHP warning: closedir(): 303 is not a valid Directory resource
[2017-03-23 09:26:40] (ERROR @ /home/pogorelov/Tmp/tmp/modx/core/xpdo/cache/xpdocachemanager.class.php : 510) PHP warning: unlink(/home/pogorelov/Tmp/tmp/modx/setup/index.php): Permission denied
[2017-03-23 09:26:40] (ERROR @ /home/pogorelov/Tmp/tmp/modx/core/xpdo/cache/xpdocachemanager.class.php : 510) PHP warning: unlink(/home/pogorelov/Tmp/tmp/modx/setup/processors/path_search.php): Permission denied
[2017-03-23 09:26:40] (ERROR @ /home/pogorelov/Tmp/tmp/modx/core/xpdo/cache/xpdocachemanager.class.php : 510) PHP warning: unlink(/home/pogorelov/Tmp/tmp/modx/setup/processors/connector.php): Permission denied
[2017-03-23 09:26:40] (ERROR @ /home/pogorelov/Tmp/tmp/modx/core/xpdo/cache/xpdocachemanager.class.php : 510) PHP warning: unlink(/home/pogorelov/Tmp/tmp/modx/setup/processors/url_search.php): Permission denied
[2017-03-23 09:26:40] (ERROR @ /home/pogorelov/Tmp/tmp/modx/core/xpdo/cache/xpdocachemanager.class.php : 510) PHP warning: unlink(/home/pogorelov/Tmp/tmp/modx/setup/processors/database/collation.php): Permission denied
[2017-03-23 09:26:40] (ERROR @ /home/pogorelov/Tmp/tmp/modx/core/xpdo/cache/xpdocachemanager.class.php : 510) PHP warning: unlink(/home/pogorelov/Tmp/tmp/modx/setup/processors/database/connection.php): Permission denied
[2017-03-23 09:26:40] (ERROR @ /home/pogorelov/Tmp/tmp/modx/core/xpdo/cache/xpdocachemanager.class.php : 518) PHP warning: closedir(): 311 is not a valid Directory resource
[2017-03-23 09:26:40] (ERROR @ /home/pogorelov/Tmp/tmp/modx/core/xpdo/cache/xpdocachemanager.class.php : 518) PHP warning: closedir(): 307 is not a valid Directory resource
[2017-03-23 09:26:40] (ERROR @ /home/pogorelov/Tmp/tmp/modx/core/xpdo/cache/xpdocachemanager.class.php : 510) PHP warning: unlink(/home/pogorelov/Tmp/tmp/modx/setup/templates/index.tpl): Permission denied
[2017-03-23 09:26:40] (ERROR @ /home/pogorelov/Tmp/tmp/modx/core/xpdo/cache/xpdocachemanager.class.php : 510) PHP warning: unlink(/home/pogorelov/Tmp/tmp/modx/setup/templates/header.tpl): Permission denied
[2017-03-23 09:26:40] (ERROR @ /home/pogorelov/Tmp/tmp/modx/core/xpdo/cache/xpdocachemanager.class.php : 510) PHP warning: unlink(/home/pogorelov/Tmp/tmp/modx/setup/templates/license.tpl): Permission denied
[2017-03-23 09:26:40] (ERROR @ /home/pogorelov/Tmp/tmp/modx/core/xpdo/cache/xpdocachemanager.class.php : 510) PHP warning: unlink(/home/pogorelov/Tmp/tmp/modx/setup/templates/base_template.tpl): Permission denied
[2017-03-23 09:26:40] (ERROR @ /home/pogorelov/Tmp/tmp/modx/core/xpdo/cache/xpdocachemanager.class.php : 510) PHP warning: unlink(/home/pogorelov/Tmp/tmp/modx/setup/templates/language.tpl): Permission denied
[2017-03-23 09:26:40] (ERROR @ /home/pogorelov/Tmp/tmp/modx/core/xpdo/cache/xpdocachemanager.class.php : 510) PHP warning: unlink(/home/pogorelov/Tmp/tmp/modx/setup/templates/contexts.tpl): Permission denied
[2017-03-23 09:26:40] (ERROR @ /home/pogorelov/Tmp/tmp/modx/core/xpdo/cache/xpdocachemanager.class.php : 510) PHP warning: unlink(/home/pogorelov/Tmp/tmp/modx/setup/templates/install.tpl): Permission denied
[2017-03-23 09:26:40] (ERROR @ /home/pogorelov/Tmp/tmp/modx/core/xpdo/cache/xpdocachemanager.class.php : 510) PHP warning: unlink(/home/pogorelov/Tmp/tmp/modx/setup/templates/complete.tpl): Permission denied
[2017-03-23 09:26:40] (ERROR @ /home/pogorelov/Tmp/tmp/modx/core/xpdo/cache/xpdocachemanager.class.php : 510) PHP warning: unlink(/home/pogorelov/Tmp/tmp/modx/setup/templates/footer.tpl): Permission denied
[2017-03-23 09:26:40] (ERROR @ /home/pogorelov/Tmp/tmp/modx/core/xpdo/cache/xpdocachemanager.class.php : 510) PHP warning: unlink(/home/pogorelov/Tmp/tmp/modx/setup/templates/database.tpl): Permission denied
[2017-03-23 09:26:40] (ERROR @ /home/pogorelov/Tmp/tmp/modx/core/xpdo/cache/xpdocachemanager.class.php : 510) PHP warning: unlink(/home/pogorelov/Tmp/tmp/modx/setup/templates/options.tpl): Permission denied
[2017-03-23 09:26:40] (ERROR @ /home/pogorelov/Tmp/tmp/modx/core/xpdo/cache/xpdocachemanager.class.php : 510) PHP warning: unlink(/home/pogorelov/Tmp/tmp/modx/setup/templates/findcore.php): Permission denied
[2017-03-23 09:26:40] (ERROR @ /home/pogorelov/Tmp/tmp/modx/core/xpdo/cache/xpdocachemanager.class.php : 510) PHP warning: unlink(/home/pogorelov/Tmp/tmp/modx/setup/templates/base_resource.tpl): Permission denied
[2017-03-23 09:26:40] (ERROR @ /home/pogorelov/Tmp/tmp/modx/core/xpdo/cache/xpdocachemanager.class.php : 510) PHP warning: unlink(/home/pogorelov/Tmp/tmp/modx/setup/templates/summary.tpl): Permission denied
[2017-03-23 09:26:40] (ERROR @ /home/pogorelov/Tmp/tmp/modx/core/xpdo/cache/xpdocachemanager.class.php : 510) PHP warning: unlink(/home/pogorelov/Tmp/tmp/modx/setup/templates/welcome.tpl): Permission denied
[2017-03-23 09:26:40] (ERROR @ /home/pogorelov/Tmp/tmp/modx/core/xpdo/cache/xpdocachemanager.class.php : 518) PHP warning: closedir(): 316 is not a valid Directory resource
[2017-03-23 09:26:40] (ERROR @ /home/pogorelov/Tmp/tmp/modx/core/xpdo/cache/xpdocachemanager.class.php : 510) PHP warning: unlink(/home/pogorelov/Tmp/tmp/modx/setup/config.dist.upgrade-advanced.xml): Permission denied
[2017-03-23 09:26:40] (ERROR @ /home/pogorelov/Tmp/tmp/modx/core/xpdo/cache/xpdocachemanager.class.php : 510) PHP warning: unlink(/home/pogorelov/Tmp/tmp/modx/setup/includes/config/modconfigreader.class.php): Permission denied
[2017-03-23 09:26:40] (ERROR @ /home/pogorelov/Tmp/tmp/modx/core/xpdo/cache/xpdocachemanager.class.php : 510) PHP warning: unlink(/home/pogorelov/Tmp/tmp/modx/setup/includes/config/modevolutionconfigreader.class.php): Permission denied
[2017-03-23 09:26:40] (ERROR @ /home/pogorelov/Tmp/tmp/modx/core/xpdo/cache/xpdocachemanager.class.php : 510) PHP warning: unlink(/home/pogorelov/Tmp/tmp/modx/setup/includes/config/modrevolutionconfigreader.class.php): Permission denied
[2017-03-23 09:26:40] (ERROR @ /home/pogorelov/Tmp/tmp/modx/core/xpdo/cache/xpdocachemanager.class.php : 518) PHP warning: closedir(): 335 is not a valid Directory resource
[2017-03-23 09:26:40] (ERROR @ /home/pogorelov/Tmp/tmp/modx/core/xpdo/cache/xpdocachemanager.class.php : 510) PHP warning: unlink(/home/pogorelov/Tmp/tmp/modx/setup/includes/upgrade.install.php): Permission denied
[2017-03-23 09:26:40] (ERROR @ /home/pogorelov/Tmp/tmp/modx/core/xpdo/cache/xpdocachemanager.class.php : 510) PHP warning: unlink(/home/pogorelov/Tmp/tmp/modx/setup/includes/error/modinstalljsonerror.class.php): Permission denied
[2017-03-23 09:26:40] (ERROR @ /home/pogorelov/Tmp/tmp/modx/core/xpdo/cache/xpdocachemanager.class.php : 510) PHP warning: unlink(/home/pogorelov/Tmp/tmp/modx/setup/includes/error/modinstallerror.class.php): Permission denied
[2017-03-23 09:26:40] (ERROR @ /home/pogorelov/Tmp/tmp/modx/core/xpdo/cache/xpdocachemanager.class.php : 518) PHP warning: closedir(): 341 is not a valid Directory resource
[2017-03-23 09:26:40] (ERROR @ /home/pogorelov/Tmp/tmp/modx/core/xpdo/cache/xpdocachemanager.class.php : 510) PHP warning: unlink(/home/pogorelov/Tmp/tmp/modx/setup/includes/modinstall.class.php): Permission denied
[2017-03-23 09:26:40] (ERROR @ /home/pogorelov/Tmp/tmp/modx/core/xpdo/cache/xpdocachemanager.class.php : 510) PHP warning: unlink(/home/pogorelov/Tmp/tmp/modx/setup/includes/new.install.php): Permission denied
[2017-03-23 09:26:40] (ERROR @ /home/pogorelov/Tmp/tmp/modx/core/xpdo/cache/xpdocachemanager.class.php : 510) PHP warning: unlink(/home/pogorelov/Tmp/tmp/modx/setup/includes/drivers/modinstalldriver_mysql.class.php): Permission denied
[2017-03-23 09:26:40] (ERROR @ /home/pogorelov/Tmp/tmp/modx/core/xpdo/cache/xpdocachemanager.class.php : 510) PHP warning: unlink(/home/pogorelov/Tmp/tmp/modx/setup/includes/drivers/modinstalldriver_sqlsrv.class.php): Permission denied
[2017-03-23 09:26:40] (ERROR @ /home/pogorelov/Tmp/tmp/modx/core/xpdo/cache/xpdocachemanager.class.php : 510) PHP warning: unlink(/home/pogorelov/Tmp/tmp/modx/setup/includes/drivers/modinstalldriver.class.php): Permission denied
[2017-03-23 09:26:40] (ERROR @ /home/pogorelov/Tmp/tmp/modx/core/xpdo/cache/xpdocachemanager.class.php : 518) PHP warning: closedir(): 347 is not a valid Directory resource
[2017-03-23 09:26:40] (ERROR @ /home/pogorelov/Tmp/tmp/modx/core/xpdo/cache/xpdocachemanager.class.php : 510) PHP warning: unlink(/home/pogorelov/Tmp/tmp/modx/setup/includes/config.core.php): Permission denied
[2017-03-23 09:26:40] (ERROR @ /home/pogorelov/Tmp/tmp/modx/core/xpdo/cache/xpdocachemanager.class.php : 510) PHP warning: unlink(/home/pogorelov/Tmp/tmp/modx/setup/includes/parser/modinstallsmarty.class.php): Permission denied
[2017-03-23 09:26:40] (ERROR @ /home/pogorelov/Tmp/tmp/modx/core/xpdo/cache/xpdocachemanager.class.php : 510) PHP warning: unlink(/home/pogorelov/Tmp/tmp/modx/setup/includes/parser/modinstallparser.class.php): Permission denied
[2017-03-23 09:26:40] (ERROR @ /home/pogorelov/Tmp/tmp/modx/core/xpdo/cache/xpdocachemanager.class.php : 518) PHP warning: closedir(): 353 is not a valid Directory resource
[2017-03-23 09:26:40] (ERROR @ /home/pogorelov/Tmp/tmp/modx/core/xpdo/cache/xpdocachemanager.class.php : 510) PHP warning: unlink(/home/pogorelov/Tmp/tmp/modx/setup/includes/modinstallsettings.class.php): Permission denied
[2017-03-23 09:26:40] (ERROR @ /home/pogorelov/Tmp/tmp/modx/core/xpdo/cache/xpdocachemanager.class.php : 510) PHP warning: unlink(/home/pogorelov/Tmp/tmp/modx/setup/includes/upgrades/common/2.4-package-provider.php): Permission denied
[2017-03-23 09:26:40] (ERROR @ /home/pogorelov/Tmp/tmp/modx/core/xpdo/cache/xpdocachemanager.class.php : 510) PHP warning: unlink(/home/pogorelov/Tmp/tmp/modx/setup/includes/upgrades/common/2.4-tmplvar-index.php): Permission denied
[2017-03-23 09:26:40] (ERROR @ /home/pogorelov/Tmp/tmp/modx/core/xpdo/cache/xpdocachemanager.class.php : 510) PHP warning: unlink(/home/pogorelov/Tmp/tmp/modx/setup/includes/upgrades/common/2.5.5-ssl-provider.php): Permission denied
[2017-03-23 09:26:40] (ERROR @ /home/pogorelov/Tmp/tmp/modx/core/xpdo/cache/xpdocachemanager.class.php : 510) PHP warning: unlink(/home/pogorelov/Tmp/tmp/modx/setup/includes/upgrades/common/2.2-tv-renders.php): Permission denied
[2017-03-23 09:26:40] (ERROR @ /home/pogorelov/Tmp/tmp/modx/core/xpdo/cache/xpdocachemanager.class.php : 510) PHP warning: unlink(/home/pogorelov/Tmp/tmp/modx/setup/includes/upgrades/common/2.3.1-oninitculture.php): Permission denied
[2017-03-23 09:26:40] (ERROR @ /home/pogorelov/Tmp/tmp/modx/core/xpdo/cache/xpdocachemanager.class.php : 510) PHP warning: unlink(/home/pogorelov/Tmp/tmp/modx/setup/includes/upgrades/common/2.5-user-createdon.php): Permission denied
[2017-03-23 09:26:40] (ERROR @ /home/pogorelov/Tmp/tmp/modx/core/xpdo/cache/xpdocachemanager.class.php : 510) PHP warning: unlink(/home/pogorelov/Tmp/tmp/modx/setup/includes/upgrades/common/2.4.1-namespace-access.php): Permission denied
[2017-03-23 09:26:40] (ERROR @ /home/pogorelov/Tmp/tmp/modx/core/xpdo/cache/xpdocachemanager.class.php : 510) PHP warning: unlink(/home/pogorelov/Tmp/tmp/modx/setup/includes/upgrades/common/2.2-media-sources.php): Permission denied
[2017-03-23 09:26:40] (ERROR @ /home/pogorelov/Tmp/tmp/modx/core/xpdo/cache/xpdocachemanager.class.php : 510) PHP warning: unlink(/home/pogorelov/Tmp/tmp/modx/setup/includes/upgrades/common/2.4-user-country-iso.php): Permission denied
[2017-03-23 09:26:40] (ERROR @ /home/pogorelov/Tmp/tmp/modx/core/xpdo/cache/xpdocachemanager.class.php : 510) PHP warning: unlink(/home/pogorelov/Tmp/tmp/modx/setup/includes/upgrades/common/2.3-fc-action.php): Permission denied
[2017-03-23 09:26:40] (ERROR @ /home/pogorelov/Tmp/tmp/modx/core/xpdo/cache/xpdocachemanager.class.php : 510) PHP warning: unlink(/home/pogorelov/Tmp/tmp/modx/setup/includes/upgrades/common/2.4-namespace-access.php): Permission denied
[2017-03-23 09:26:40] (ERROR @ /home/pogorelov/Tmp/tmp/modx/core/xpdo/cache/xpdocachemanager.class.php : 510) PHP warning: unlink(/home/pogorelov/Tmp/tmp/modx/setup/includes/upgrades/common/2.5-cleanup-script.php): Permission denied
[2017-03-23 09:26:40] (ERROR @ /home/pogorelov/Tmp/tmp/modx/core/xpdo/cache/xpdocachemanager.class.php : 510) PHP warning: unlink(/home/pogorelov/Tmp/tmp/modx/setup/includes/upgrades/common/2.3.1-feed_modx_security.php): Permission denied
[2017-03-23 09:26:40] (ERROR @ /home/pogorelov/Tmp/tmp/modx/core/xpdo/cache/xpdocachemanager.class.php : 510) PHP warning: unlink(/home/pogorelov/Tmp/tmp/modx/setup/includes/upgrades/common/2.3-extension-packages.php): Permission denied
[2017-03-23 09:26:40] (ERROR @ /home/pogorelov/Tmp/tmp/modx/core/xpdo/cache/xpdocachemanager.class.php : 510) PHP warning: unlink(/home/pogorelov/Tmp/tmp/modx/setup/includes/upgrades/common/2.4-manager-index.php): Permission denied
[2017-03-23 09:26:40] (ERROR @ /home/pogorelov/Tmp/tmp/modx/core/xpdo/cache/xpdocachemanager.class.php : 510) PHP warning: unlink(/home/pogorelov/Tmp/tmp/modx/setup/includes/upgrades/common/2.3.1-base_help_url.php): Permission denied
[2017-03-23 09:26:40] (ERROR @ /home/pogorelov/Tmp/tmp/modx/core/xpdo/cache/xpdocachemanager.class.php : 510) PHP warning: unlink(/home/pogorelov/Tmp/tmp/modx/setup/includes/upgrades/common/2.2-disable-allowtagsinpost.php): Permission denied
[2017-03-23 09:26:40] (ERROR @ /home/pogorelov/Tmp/tmp/modx/core/xpdo/cache/xpdocachemanager.class.php : 510) PHP warning: unlink(/home/pogorelov/Tmp/tmp/modx/setup/includes/upgrades/common/2.4-categories-rank.php): Permission denied
[2017-03-23 09:26:40] (ERROR @ /home/pogorelov/Tmp/tmp/modx/core/xpdo/cache/xpdocachemanager.class.php : 510) PHP warning: unlink(/home/pogorelov/Tmp/tmp/modx/setup/includes/upgrades/common/2.4-principal-index.php): Permission denied
[2017-03-23 09:26:40] (ERROR @ /home/pogorelov/Tmp/tmp/modx/core/xpdo/cache/xpdocachemanager.class.php : 518) PHP warning: closedir(): 359 is not a valid Directory resource
[2017-03-23 09:26:40] (ERROR @ /home/pogorelov/Tmp/tmp/modx/core/xpdo/cache/xpdocachemanager.class.php : 510) PHP warning: unlink(/home/pogorelov/Tmp/tmp/modx/setup/includes/upgrades/mysql/2.0.0-beta-3.php): Permission denied
[2017-03-23 09:26:40] (ERROR @ /home/pogorelov/Tmp/tmp/modx/core/xpdo/cache/xpdocachemanager.class.php : 510) PHP warning: unlink(/home/pogorelov/Tmp/tmp/modx/setup/includes/upgrades/mysql/2.0.1-pl.php): Permission denied
[2017-03-23 09:26:40] (ERROR @ /home/pogorelov/Tmp/tmp/modx/core/xpdo/cache/xpdocachemanager.class.php : 510) PHP warning: unlink(/home/pogorelov/Tmp/tmp/modx/setup/includes/upgrades/mysql/2.4.0-pl.php): Permission denied
[2017-03-23 09:26:40] (ERROR @ /home/pogorelov/Tmp/tmp/modx/core/xpdo/cache/xpdocachemanager.class.php : 510) PHP warning: unlink(/home/pogorelov/Tmp/tmp/modx/setup/includes/upgrades/mysql/2.5.5-pl.php): Permission denied
[2017-03-23 09:26:40] (ERROR @ /home/pogorelov/Tmp/tmp/modx/core/xpdo/cache/xpdocachemanager.class.php : 510) PHP warning: unlink(/home/pogorelov/Tmp/tmp/modx/setup/includes/upgrades/mysql/2.0.6-pl.php): Permission denied
[2017-03-23 09:26:40] (ERROR @ /home/pogorelov/Tmp/tmp/modx/core/xpdo/cache/xpdocachemanager.class.php : 510) PHP warning: unlink(/home/pogorelov/Tmp/tmp/modx/setup/includes/upgrades/mysql/2.3.0-rc1.php): Permission denied
[2017-03-23 09:26:40] (ERROR @ /home/pogorelov/Tmp/tmp/modx/core/xpdo/cache/xpdocachemanager.class.php : 510) PHP warning: unlink(/home/pogorelov/Tmp/tmp/modx/setup/includes/upgrades/mysql/2.0.0-alpha-5.php): Permission denied
[2017-03-23 09:26:40] (ERROR @ /home/pogorelov/Tmp/tmp/modx/core/xpdo/cache/xpdocachemanager.class.php : 510) PHP warning: unlink(/home/pogorelov/Tmp/tmp/modx/setup/includes/upgrades/mysql/2.0.4-pl.php): Permission denied
[2017-03-23 09:26:40] (ERROR @ /home/pogorelov/Tmp/tmp/modx/core/xpdo/cache/xpdocachemanager.class.php : 510) PHP warning: unlink(/home/pogorelov/Tmp/tmp/modx/setup/includes/upgrades/mysql/2.5.0-pl.php): Permission denied
[2017-03-23 09:26:40] (ERROR @ /home/pogorelov/Tmp/tmp/modx/core/xpdo/cache/xpdocachemanager.class.php : 510) PHP warning: unlink(/home/pogorelov/Tmp/tmp/modx/setup/includes/upgrades/mysql/2.0.0-rc-1.php): Permission denied
[2017-03-23 09:26:40] (ERROR @ /home/pogorelov/Tmp/tmp/modx/core/xpdo/cache/xpdocachemanager.class.php : 510) PHP warning: unlink(/home/pogorelov/Tmp/tmp/modx/setup/includes/upgrades/mysql/2.2.9-pl.php): Permission denied
[2017-03-23 09:26:40] (ERROR @ /home/pogorelov/Tmp/tmp/modx/core/xpdo/cache/xpdocachemanager.class.php : 510) PHP warning: unlink(/home/pogorelov/Tmp/tmp/modx/setup/includes/upgrades/mysql/2.0.5-pl.php): Permission denied
[2017-03-23 09:26:40] (ERROR @ /home/pogorelov/Tmp/tmp/modx/core/xpdo/cache/xpdocachemanager.class.php : 510) PHP warning: unlink(/home/pogorelov/Tmp/tmp/modx/setup/includes/upgrades/mysql/2.0.0-beta-1.php): Permission denied
[2017-03-23 09:26:40] (ERROR @ /home/pogorelov/Tmp/tmp/modx/core/xpdo/cache/xpdocachemanager.class.php : 510) PHP warning: unlink(/home/pogorelov/Tmp/tmp/modx/setup/includes/upgrades/mysql/2.1.0-rc-1.php): Permission denied
[2017-03-23 09:26:40] (ERROR @ /home/pogorelov/Tmp/tmp/modx/core/xpdo/cache/xpdocachemanager.class.php : 510) PHP warning: unlink(/home/pogorelov/Tmp/tmp/modx/setup/includes/upgrades/mysql/2.0.0-alpha-6.php): Permission denied
[2017-03-23 09:26:40] (ERROR @ /home/pogorelov/Tmp/tmp/modx/core/xpdo/cache/xpdocachemanager.class.php : 510) PHP warning: unlink(/home/pogorelov/Tmp/tmp/modx/setup/includes/upgrades/mysql/2.2.0-rc1.php): Permission denied
[2017-03-23 09:26:40] (ERROR @ /home/pogorelov/Tmp/tmp/modx/core/xpdo/cache/xpdocachemanager.class.php : 510) PHP warning: unlink(/home/pogorelov/Tmp/tmp/modx/setup/includes/upgrades/mysql/2.0.0-alpha-2.php): Permission denied
[2017-03-23 09:26:40] (ERROR @ /home/pogorelov/Tmp/tmp/modx/core/xpdo/cache/xpdocachemanager.class.php : 510) PHP warning: unlink(/home/pogorelov/Tmp/tmp/modx/setup/includes/upgrades/mysql/2.1.1-pl.php): Permission denied
[2017-03-23 09:26:40] (ERROR @ /home/pogorelov/Tmp/tmp/modx/core/xpdo/cache/xpdocachemanager.class.php : 510) PHP warning: unlink(/home/pogorelov/Tmp/tmp/modx/setup/includes/upgrades/mysql/2.2.2-pl.php): Permission denied
[2017-03-23 09:26:40] (ERROR @ /home/pogorelov/Tmp/tmp/modx/core/xpdo/cache/xpdocachemanager.class.php : 510) PHP warning: unlink(/home/pogorelov/Tmp/tmp/modx/setup/includes/upgrades/mysql/2.0.0-alpha-1.php): Permission denied
[2017-03-23 09:26:40] (ERROR @ /home/pogorelov/Tmp/tmp/modx/core/xpdo/cache/xpdocachemanager.class.php : 510) PHP warning: unlink(/home/pogorelov/Tmp/tmp/modx/setup/includes/upgrades/mysql/2.0.0-alpha-4.php): Permission denied
[2017-03-23 09:26:40] (ERROR @ /home/pogorelov/Tmp/tmp/modx/core/xpdo/cache/xpdocachemanager.class.php : 510) PHP warning: unlink(/home/pogorelov/Tmp/tmp/modx/setup/includes/upgrades/mysql/2.4.1-pl.php): Permission denied
[2017-03-23 09:26:40] (ERROR @ /home/pogorelov/Tmp/tmp/modx/core/xpdo/cache/xpdocachemanager.class.php : 510) PHP warning: unlink(/home/pogorelov/Tmp/tmp/modx/setup/includes/upgrades/mysql/2.1.2-pl.php): Permission denied
[2017-03-23 09:26:40] (ERROR @ /home/pogorelov/Tmp/tmp/modx/core/xpdo/cache/xpdocachemanager.class.php : 510) PHP warning: unlink(/home/pogorelov/Tmp/tmp/modx/setup/includes/upgrades/mysql/2.2.0-pl2.php): Permission denied
[2017-03-23 09:26:40] (ERROR @ /home/pogorelov/Tmp/tmp/modx/core/xpdo/cache/xpdocachemanager.class.php : 510) PHP warning: unlink(/home/pogorelov/Tmp/tmp/modx/setup/includes/upgrades/mysql/2.1.0-rc-2.php): Permission denied
[2017-03-23 09:26:40] (ERROR @ /home/pogorelov/Tmp/tmp/modx/core/xpdo/cache/xpdocachemanager.class.php : 510) PHP warning: unlink(/home/pogorelov/Tmp/tmp/modx/setup/includes/upgrades/mysql/2.3.1-pl.php): Permission denied
[2017-03-23 09:26:40] (ERROR @ /home/pogorelov/Tmp/tmp/modx/core/xpdo/cache/xpdocachemanager.class.php : 510) PHP warning: unlink(/home/pogorelov/Tmp/tmp/modx/setup/includes/upgrades/mysql/2.2.7-pl.php): Permission denied
[2017-03-23 09:26:40] (ERROR @ /home/pogorelov/Tmp/tmp/modx/core/xpdo/cache/xpdocachemanager.class.php : 510) PHP warning: unlink(/home/pogorelov/Tmp/tmp/modx/setup/includes/upgrades/mysql/2.2.1-pl.php): Permission denied
[2017-03-23 09:26:40] (ERROR @ /home/pogorelov/Tmp/tmp/modx/core/xpdo/cache/xpdocachemanager.class.php : 510) PHP warning: unlink(/home/pogorelov/Tmp/tmp/modx/setup/includes/upgrades/mysql/2.2.5-pl.php): Permission denied
[2017-03-23 09:26:40] (ERROR @ /home/pogorelov/Tmp/tmp/modx/core/xpdo/cache/xpdocachemanager.class.php : 510) PHP warning: unlink(/home/pogorelov/Tmp/tmp/modx/setup/includes/upgrades/mysql/2.0.0-rc-2.php): Permission denied
[2017-03-23 09:26:40] (ERROR @ /home/pogorelov/Tmp/tmp/modx/core/xpdo/cache/xpdocachemanager.class.php : 510) PHP warning: unlink(/home/pogorelov/Tmp/tmp/modx/setup/includes/upgrades/mysql/2.0.0-beta-4.php): Permission denied
[2017-03-23 09:26:40] (ERROR @ /home/pogorelov/Tmp/tmp/modx/core/xpdo/cache/xpdocachemanager.class.php : 510) PHP warning: unlink(/home/pogorelov/Tmp/tmp/modx/setup/includes/upgrades/mysql/2.2.10-pl.php): Permission denied
[2017-03-23 09:26:40] (ERROR @ /home/pogorelov/Tmp/tmp/modx/core/xpdo/cache/xpdocachemanager.class.php : 510) PHP warning: unlink(/home/pogorelov/Tmp/tmp/modx/setup/includes/upgrades/mysql/2.2.6-pl.php): Permission denied
[2017-03-23 09:26:40] (ERROR @ /home/pogorelov/Tmp/tmp/modx/core/xpdo/cache/xpdocachemanager.class.php : 510) PHP warning: unlink(/home/pogorelov/Tmp/tmp/modx/setup/includes/upgrades/mysql/2.0.0-alpha-3.php): Permission denied
[2017-03-23 09:26:40] (ERROR @ /home/pogorelov/Tmp/tmp/modx/core/xpdo/cache/xpdocachemanager.class.php : 510) PHP warning: unlink(/home/pogorelov/Tmp/tmp/modx/setup/includes/upgrades/mysql/2.0.0-beta-5.php): Permission denied
[2017-03-23 09:26:40] (ERROR @ /home/pogorelov/Tmp/tmp/modx/core/xpdo/cache/xpdocachemanager.class.php : 510) PHP warning: unlink(/home/pogorelov/Tmp/tmp/modx/setup/includes/upgrades/mysql/2.2.0-pl.php): Permission denied
[2017-03-23 09:26:40] (ERROR @ /home/pogorelov/Tmp/tmp/modx/core/xpdo/cache/xpdocachemanager.class.php : 510) PHP warning: unlink(/home/pogorelov/Tmp/tmp/modx/setup/includes/upgrades/mysql/2.0.0-rc-3.php): Permission denied
[2017-03-23 09:26:40] (ERROR @ /home/pogorelov/Tmp/tmp/modx/core/xpdo/cache/xpdocachemanager.class.php : 510) PHP warning: unlink(/home/pogorelov/Tmp/tmp/modx/setup/includes/upgrades/mysql/2.0.0-beta-2.php): Permission denied
[2017-03-23 09:26:40] (ERROR @ /home/pogorelov/Tmp/tmp/modx/core/xpdo/cache/xpdocachemanager.class.php : 510) PHP warning: unlink(/home/pogorelov/Tmp/tmp/modx/setup/includes/upgrades/mysql/2.2.0-rc2.php): Permission denied
[2017-03-23 09:26:40] (ERROR @ /home/pogorelov/Tmp/tmp/modx/core/xpdo/cache/xpdocachemanager.class.php : 518) PHP warning: closedir(): 380 is not a valid Directory resource
[2017-03-23 09:26:40] (ERROR @ /home/pogorelov/Tmp/tmp/modx/core/xpdo/cache/xpdocachemanager.class.php : 510) PHP warning: unlink(/home/pogorelov/Tmp/tmp/modx/setup/includes/upgrades/sqlsrv/2.4.0-pl.php): Permission denied
[2017-03-23 09:26:40] (ERROR @ /home/pogorelov/Tmp/tmp/modx/core/xpdo/cache/xpdocachemanager.class.php : 510) PHP warning: unlink(/home/pogorelov/Tmp/tmp/modx/setup/includes/upgrades/sqlsrv/2.5.5-pl.php): Permission denied
[2017-03-23 09:26:40] (ERROR @ /home/pogorelov/Tmp/tmp/modx/core/xpdo/cache/xpdocachemanager.class.php : 510) PHP warning: unlink(/home/pogorelov/Tmp/tmp/modx/setup/includes/upgrades/sqlsrv/2.3.0-rc1.php): Permission denied
[2017-03-23 09:26:40] (ERROR @ /home/pogorelov/Tmp/tmp/modx/core/xpdo/cache/xpdocachemanager.class.php : 510) PHP warning: unlink(/home/pogorelov/Tmp/tmp/modx/setup/includes/upgrades/sqlsrv/2.5.0-pl.php): Permission denied
[2017-03-23 09:26:40] (ERROR @ /home/pogorelov/Tmp/tmp/modx/core/xpdo/cache/xpdocachemanager.class.php : 510) PHP warning: unlink(/home/pogorelov/Tmp/tmp/modx/setup/includes/upgrades/sqlsrv/2.2.9-pl.php): Permission denied
[2017-03-23 09:26:40] (ERROR @ /home/pogorelov/Tmp/tmp/modx/core/xpdo/cache/xpdocachemanager.class.php : 510) PHP warning: unlink(/home/pogorelov/Tmp/tmp/modx/setup/includes/upgrades/sqlsrv/2.1.0-rc-1.php): Permission denied
[2017-03-23 09:26:40] (ERROR @ /home/pogorelov/Tmp/tmp/modx/core/xpdo/cache/xpdocachemanager.class.php : 510) PHP warning: unlink(/home/pogorelov/Tmp/tmp/modx/setup/includes/upgrades/sqlsrv/2.2.0-rc1.php): Permission denied
[2017-03-23 09:26:40] (ERROR @ /home/pogorelov/Tmp/tmp/modx/core/xpdo/cache/xpdocachemanager.class.php : 510) PHP warning: unlink(/home/pogorelov/Tmp/tmp/modx/setup/includes/upgrades/sqlsrv/2.1.1-pl.php): Permission denied
[2017-03-23 09:26:40] (ERROR @ /home/pogorelov/Tmp/tmp/modx/core/xpdo/cache/xpdocachemanager.class.php : 510) PHP warning: unlink(/home/pogorelov/Tmp/tmp/modx/setup/includes/upgrades/sqlsrv/2.2.2-pl.php): Permission denied
[2017-03-23 09:26:40] (ERROR @ /home/pogorelov/Tmp/tmp/modx/core/xpdo/cache/xpdocachemanager.class.php : 510) PHP warning: unlink(/home/pogorelov/Tmp/tmp/modx/setup/includes/upgrades/sqlsrv/2.4.1-pl.php): Permission denied
[2017-03-23 09:26:40] (ERROR @ /home/pogorelov/Tmp/tmp/modx/core/xpdo/cache/xpdocachemanager.class.php : 510) PHP warning: unlink(/home/pogorelov/Tmp/tmp/modx/setup/includes/upgrades/sqlsrv/2.1.2-pl.php): Permission denied
[2017-03-23 09:26:40] (ERROR @ /home/pogorelov/Tmp/tmp/modx/core/xpdo/cache/xpdocachemanager.class.php : 510) PHP warning: unlink(/home/pogorelov/Tmp/tmp/modx/setup/includes/upgrades/sqlsrv/2.2.0-pl2.php): Permission denied
[2017-03-23 09:26:40] (ERROR @ /home/pogorelov/Tmp/tmp/modx/core/xpdo/cache/xpdocachemanager.class.php : 510) PHP warning: unlink(/home/pogorelov/Tmp/tmp/modx/setup/includes/upgrades/sqlsrv/2.1.0-rc-2.php): Permission denied
[2017-03-23 09:26:40] (ERROR @ /home/pogorelov/Tmp/tmp/modx/core/xpdo/cache/xpdocachemanager.class.php : 510) PHP warning: unlink(/home/pogorelov/Tmp/tmp/modx/setup/includes/upgrades/sqlsrv/2.3.1-pl.php): Permission denied
[2017-03-23 09:26:40] (ERROR @ /home/pogorelov/Tmp/tmp/modx/core/xpdo/cache/xpdocachemanager.class.php : 510) PHP warning: unlink(/home/pogorelov/Tmp/tmp/modx/setup/includes/upgrades/sqlsrv/2.2.7-pl.php): Permission denied
[2017-03-23 09:26:40] (ERROR @ /home/pogorelov/Tmp/tmp/modx/core/xpdo/cache/xpdocachemanager.class.php : 510) PHP warning: unlink(/home/pogorelov/Tmp/tmp/modx/setup/includes/upgrades/sqlsrv/2.2.1-pl.php): Permission denied
[2017-03-23 09:26:40] (ERROR @ /home/pogorelov/Tmp/tmp/modx/core/xpdo/cache/xpdocachemanager.class.php : 510) PHP warning: unlink(/home/pogorelov/Tmp/tmp/modx/setup/includes/upgrades/sqlsrv/2.2.10-pl.php): Permission denied
[2017-03-23 09:26:40] (ERROR @ /home/pogorelov/Tmp/tmp/modx/core/xpdo/cache/xpdocachemanager.class.php : 510) PHP warning: unlink(/home/pogorelov/Tmp/tmp/modx/setup/includes/upgrades/sqlsrv/2.2.6-pl.php): Permission denied
[2017-03-23 09:26:40] (ERROR @ /home/pogorelov/Tmp/tmp/modx/core/xpdo/cache/xpdocachemanager.class.php : 510) PHP warning: unlink(/home/pogorelov/Tmp/tmp/modx/setup/includes/upgrades/sqlsrv/2.2.0-pl.php): Permission denied
[2017-03-23 09:26:40] (ERROR @ /home/pogorelov/Tmp/tmp/modx/core/xpdo/cache/xpdocachemanager.class.php : 510) PHP warning: unlink(/home/pogorelov/Tmp/tmp/modx/setup/includes/upgrades/sqlsrv/2.2.0-rc2.php): Permission denied
[2017-03-23 09:26:40] (ERROR @ /home/pogorelov/Tmp/tmp/modx/core/xpdo/cache/xpdocachemanager.class.php : 518) PHP warning: closedir(): 421 is not a valid Directory resource
[2017-03-23 09:26:40] (ERROR @ /home/pogorelov/Tmp/tmp/modx/core/xpdo/cache/xpdocachemanager.class.php : 510) PHP warning: unlink(/home/pogorelov/Tmp/tmp/modx/setup/includes/modinstallversion.class.php): Permission denied
[2017-03-23 09:26:40] (ERROR @ /home/pogorelov/Tmp/tmp/modx/core/xpdo/cache/xpdocachemanager.class.php : 510) PHP warning: unlink(/home/pogorelov/Tmp/tmp/modx/setup/includes/tables_create.php): Permission denied
[2017-03-23 09:26:40] (ERROR @ /home/pogorelov/Tmp/tmp/modx/core/xpdo/cache/xpdocachemanager.class.php : 510) PHP warning: unlink(/home/pogorelov/Tmp/tmp/modx/setup/includes/request/modinstallconnectorrequest.class.php): Permission denied
[2017-03-23 09:26:40] (ERROR @ /home/pogorelov/Tmp/tmp/modx/core/xpdo/cache/xpdocachemanager.class.php : 510) PHP warning: unlink(/home/pogorelov/Tmp/tmp/modx/setup/includes/request/modinstallclirequest.class.php): Permission denied
[2017-03-23 09:26:40] (ERROR @ /home/pogorelov/Tmp/tmp/modx/core/xpdo/cache/xpdocachemanager.class.php : 510) PHP warning: unlink(/home/pogorelov/Tmp/tmp/modx/setup/includes/request/modinstallrequest.class.php): Permission denied
[2017-03-23 09:26:40] (ERROR @ /home/pogorelov/Tmp/tmp/modx/core/xpdo/cache/xpdocachemanager.class.php : 518) PHP warning: closedir(): 445 is not a valid Directory resource
[2017-03-23 09:26:40] (ERROR @ /home/pogorelov/Tmp/tmp/modx/core/xpdo/cache/xpdocachemanager.class.php : 510) PHP warning: unlink(/home/pogorelov/Tmp/tmp/modx/setup/includes/runner/modinstallrunnerweb.class.php): Permission denied
[2017-03-23 09:26:40] (ERROR @ /home/pogorelov/Tmp/tmp/modx/core/xpdo/cache/xpdocachemanager.class.php : 510) PHP warning: unlink(/home/pogorelov/Tmp/tmp/modx/setup/includes/runner/modinstallrunner.class.php): Permission denied
[2017-03-23 09:26:40] (ERROR @ /home/pogorelov/Tmp/tmp/modx/core/xpdo/cache/xpdocachemanager.class.php : 518) PHP warning: closedir(): 450 is not a valid Directory resource
[2017-03-23 09:26:40] (ERROR @ /home/pogorelov/Tmp/tmp/modx/core/xpdo/cache/xpdocachemanager.class.php : 510) PHP warning: unlink(/home/pogorelov/Tmp/tmp/modx/setup/includes/modinstalllexicon.class.php): Permission denied
[2017-03-23 09:26:40] (ERROR @ /home/pogorelov/Tmp/tmp/modx/core/xpdo/cache/xpdocachemanager.class.php : 510) PHP warning: unlink(/home/pogorelov/Tmp/tmp/modx/setup/includes/test/modinstalltesttraditional.class.php): Permission denied
[2017-03-23 09:26:40] (ERROR @ /home/pogorelov/Tmp/tmp/modx/core/xpdo/cache/xpdocachemanager.class.php : 510) PHP warning: unlink(/home/pogorelov/Tmp/tmp/modx/setup/includes/test/modinstalltestsdk.class.php): Permission denied
[2017-03-23 09:26:40] (ERROR @ /home/pogorelov/Tmp/tmp/modx/core/xpdo/cache/xpdocachemanager.class.php : 510) PHP warning: unlink(/home/pogorelov/Tmp/tmp/modx/setup/includes/test/modinstalltestgit.class.php): Permission denied
[2017-03-23 09:26:40] (ERROR @ /home/pogorelov/Tmp/tmp/modx/core/xpdo/cache/xpdocachemanager.class.php : 510) PHP warning: unlink(/home/pogorelov/Tmp/tmp/modx/setup/includes/test/modinstalltest.class.php): Permission denied
[2017-03-23 09:26:40] (ERROR @ /home/pogorelov/Tmp/tmp/modx/core/xpdo/cache/xpdocachemanager.class.php : 510) PHP warning: unlink(/home/pogorelov/Tmp/tmp/modx/setup/includes/test/modinstalltestadvanced.class.php): Permission denied
[2017-03-23 09:26:40] (ERROR @ /home/pogorelov/Tmp/tmp/modx/core/xpdo/cache/xpdocachemanager.class.php : 518) PHP warning: closedir(): 455 is not a valid Directory resource
[2017-03-23 09:26:40] (ERROR @ /home/pogorelov/Tmp/tmp/modx/core/xpdo/cache/xpdocachemanager.class.php : 518) PHP warning: closedir(): 334 is not a valid Directory resource
[2017-03-23 09:26:40] (ERROR @ /home/pogorelov/Tmp/tmp/modx/core/xpdo/cache/xpdocachemanager.class.php : 510) PHP warning: unlink(/home/pogorelov/Tmp/tmp/modx/setup/config.dist.upgrade.xml): Permission denied
[2017-03-23 09:26:40] (ERROR @ /home/pogorelov/Tmp/tmp/modx/core/xpdo/cache/xpdocachemanager.class.php : 510) PHP warning: unlink(/home/pogorelov/Tmp/tmp/modx/setup/controllers/language.php): Permission denied
[2017-03-23 09:26:40] (ERROR @ /home/pogorelov/Tmp/tmp/modx/core/xpdo/cache/xpdocachemanager.class.php : 510) PHP warning: unlink(/home/pogorelov/Tmp/tmp/modx/setup/controllers/options.php): Permission denied
[2017-03-23 09:26:40] (ERROR @ /home/pogorelov/Tmp/tmp/modx/core/xpdo/cache/xpdocachemanager.class.php : 510) PHP warning: unlink(/home/pogorelov/Tmp/tmp/modx/setup/controllers/install.php): Permission denied
[2017-03-23 09:26:40] (ERROR @ /home/pogorelov/Tmp/tmp/modx/core/xpdo/cache/xpdocachemanager.class.php : 510) PHP warning: unlink(/home/pogorelov/Tmp/tmp/modx/setup/controllers/contexts.php): Permission denied
[2017-03-23 09:26:40] (ERROR @ /home/pogorelov/Tmp/tmp/modx/core/xpdo/cache/xpdocachemanager.class.php : 510) PHP warning: unlink(/home/pogorelov/Tmp/tmp/modx/setup/controllers/complete.php): Permission denied
[2017-03-23 09:26:40] (ERROR @ /home/pogorelov/Tmp/tmp/modx/core/xpdo/cache/xpdocachemanager.class.php : 510) PHP warning: unlink(/home/pogorelov/Tmp/tmp/modx/setup/controllers/database.php): Permission denied
[2017-03-23 09:26:40] (ERROR @ /home/pogorelov/Tmp/tmp/modx/core/xpdo/cache/xpdocachemanager.class.php : 510) PHP warning: unlink(/home/pogorelov/Tmp/tmp/modx/setup/controllers/welcome.php): Permission denied
[2017-03-23 09:26:40] (ERROR @ /home/pogorelov/Tmp/tmp/modx/core/xpdo/cache/xpdocachemanager.class.php : 510) PHP warning: unlink(/home/pogorelov/Tmp/tmp/modx/setup/controllers/summary.php): Permission denied
[2017-03-23 09:26:40] (ERROR @ /home/pogorelov/Tmp/tmp/modx/core/xpdo/cache/xpdocachemanager.class.php : 510) PHP warning: unlink(/home/pogorelov/Tmp/tmp/modx/setup/controllers/login.php): Permission denied
[2017-03-23 09:26:40] (ERROR @ /home/pogorelov/Tmp/tmp/modx/core/xpdo/cache/xpdocachemanager.class.php : 518) PHP warning: closedir(): 464 is not a valid Directory resource
[2017-03-23 09:26:40] (ERROR @ /home/pogorelov/Tmp/tmp/modx/core/xpdo/cache/xpdocachemanager.class.php : 518) PHP warning: closedir(): 10 is not a valid Directory resource
[2017-03-23 09:26:40] (ERROR @ /home/pogorelov/Tmp/tmp/modx/setup/includes/modinstall.class.php : 314) An error occurred while trying to remove the setup directory.
[2017-03-23 15:28:32] (ERROR @ /home/pogorelov/Tmp/tmp/modx/core/model/modx/modcachemanager.class.php : 509) Error caching script elements/modplugin/2
[2017-03-23 15:29:14] (ERROR @ /home/pogorelov/Tmp/tmp/modx/core/xpdo/xpdo.class.php : 644) Could not load class: pdoParser from pdoparser.
[2017-03-23 15:29:14] (ERROR @ /home/pogorelov/Tmp/tmp/modx/core/xpdo/xpdo.class.php : 1247) Problem getting service parser, instance of class pdoParser, from path /home/pogorelov/Tmp/tmp/modx/core/components/pdotools/model/pdotools/
[2017-03-23 15:29:15] (ERROR @ /home/pogorelov/Tmp/tmp/modx/core/xpdo/xpdo.class.php : 644) Could not load class: pdoParser from pdoparser.
[2017-03-23 15:29:15] (ERROR @ /home/pogorelov/Tmp/tmp/modx/core/xpdo/xpdo.class.php : 1247) Problem getting service parser, instance of class pdoParser, from path /home/pogorelov/Tmp/tmp/modx/core/components/pdotools/model/pdotools/
[2017-03-23 15:29:15] (ERROR @ /home/pogorelov/Tmp/tmp/modx/core/xpdo/xpdo.class.php : 644) Could not load class: pdoParser from pdoparser.
[2017-03-23 15:29:15] (ERROR @ /home/pogorelov/Tmp/tmp/modx/core/xpdo/xpdo.class.php : 1247) Problem getting service parser, instance of class pdoParser, from path /home/pogorelov/Tmp/tmp/modx/core/components/pdotools/model/pdotools/
[2017-03-23 15:29:15] (ERROR @ /home/pogorelov/Tmp/tmp/modx/core/xpdo/xpdo.class.php : 644) Could not load class: pdoParser from pdoparser.
[2017-03-23 15:29:15] (ERROR @ /home/pogorelov/Tmp/tmp/modx/core/xpdo/xpdo.class.php : 1247) Problem getting service parser, instance of class pdoParser, from path /home/pogorelov/Tmp/tmp/modx/core/components/pdotools/model/pdotools/
[2017-03-23 15:29:15] (ERROR @ /home/pogorelov/Tmp/tmp/modx/core/xpdo/xpdo.class.php : 644) Could not load class: pdoParser from pdoparser.
[2017-03-23 15:29:15] (ERROR @ /home/pogorelov/Tmp/tmp/modx/core/xpdo/xpdo.class.php : 1247) Problem getting service parser, instance of class pdoParser, from path /home/pogorelov/Tmp/tmp/modx/core/components/pdotools/model/pdotools/
[2017-03-23 15:31:10] (ERROR @ /home/pogorelov/Tmp/tmp/modx/core/model/modx/modcachemanager.class.php : 344) Error caching lexicon topic lexicon/en/core/resource
[2017-03-24 08:37:45] (ERROR @ /home/pogorelov/Tmp/tmp/modx/core/model/modx/modcachemanager.class.php : 344) Error caching lexicon topic lexicon/en/core/resource
[2017-03-27 08:09:05] (ERROR @ /home/pogorelov/Tmp/tmp/modx/core/model/modx/modcachemanager.class.php : 394) Error caching action map mgr/actions
[2017-03-27 10:07:40] (ERROR @ /home/pogorelov/Tmp/tmp/modx/core/model/modx/modcachemanager.class.php : 344) Error caching lexicon topic lexicon/en/core/resource
[2017-03-27 10:43:27] (ERROR @ /home/pogorelov/Tmp/tmp/modx/core/model/modx/modcachemanager.class.php : 344) Error caching lexicon topic lexicon/en/core/resource
[2017-03-30 08:35:59] (ERROR @ /home/pogorelov/Tmp/tmp/modx/core/model/modx/modcachemanager.class.php : 344) Error caching lexicon topic lexicon/en/core/resource
[2017-04-03 11:51:57] (ERROR @ /home/pogorelov/Tmp/tmp/modx/core/model/modx/modcachemanager.class.php : 344) Error caching lexicon topic lexicon/en/core/resource
[2017-04-04 16:13:05] (ERROR @ /home/pogorelov/Tmp/tmp/modx/core/model/modx/modcachemanager.class.php : 344) Error caching lexicon topic lexicon/en/core/resource
