[2017-03-23 09:26:24] (ERROR @ /home/pogorelov/Tmp/tmp/modx/core/xpdo/transport/xpdoobjectvehicle.class.php : 227) Could not copy /home/pogorelov/Tmp/tmp/modx/core/packages/core/modContext/0f1d07e326a66e5d5dc0fd03577a74bf/0/ to /home/pogorelov/Tmp/tmp/modx/index.php
[2017-03-23 09:26:24] (ERROR @ /home/pogorelov/Tmp/tmp/modx/core/xpdo/transport/xpdoobjectvehicle.class.php : 227) Could not copy /home/pogorelov/Tmp/tmp/modx/core/packages/core/modContext/0f1d07e326a66e5d5dc0fd03577a74bf/1/ to /home/pogorelov/Tmp/tmp/modx/ht.access
[2017-03-23 09:26:24] (ERROR @ /home/pogorelov/Tmp/tmp/modx/core/xpdo/transport/xpdoobjectvehicle.class.php : 227) xPDOVehicle resolver failed: type php (/home/pogorelov/Tmp/tmp/modx/core/packages/core/modContext/0f1d07e326a66e5d5dc0fd03577a74bf.resolve.core.resolver)
[2017-03-23 09:26:24] (ERROR @ /home/pogorelov/Tmp/tmp/modx/core/xpdo/transport/xpdoobjectvehicle.class.php : 88) Could not resolve vehicle for object of class modContext; criteria: Array
(
    [key] => web
)

[2017-03-23 09:26:24] (ERROR @ /home/pogorelov/Tmp/tmp/modx/core/xpdo/transport/xpdoobjectvehicle.class.php : 227) Could not copy /home/pogorelov/Tmp/tmp/modx/core/packages/core/modContext/334fb36c4a91cc03578b6a02b912e717/0/ to /home/pogorelov/Tmp/tmp/modx/manager/assets
[2017-03-23 09:26:24] (ERROR @ /home/pogorelov/Tmp/tmp/modx/core/xpdo/transport/xpdoobjectvehicle.class.php : 227) Could not copy /home/pogorelov/Tmp/tmp/modx/core/packages/core/modContext/334fb36c4a91cc03578b6a02b912e717/1/ to /home/pogorelov/Tmp/tmp/modx/manager/controllers
[2017-03-23 09:26:24] (ERROR @ /home/pogorelov/Tmp/tmp/modx/core/xpdo/transport/xpdoobjectvehicle.class.php : 227) Could not copy /home/pogorelov/Tmp/tmp/modx/core/packages/core/modContext/334fb36c4a91cc03578b6a02b912e717/2/ to /home/pogorelov/Tmp/tmp/modx/manager/templates
[2017-03-23 09:26:24] (ERROR @ /home/pogorelov/Tmp/tmp/modx/core/xpdo/transport/xpdoobjectvehicle.class.php : 227) Could not copy /home/pogorelov/Tmp/tmp/modx/core/packages/core/modContext/334fb36c4a91cc03578b6a02b912e717/3/ to /home/pogorelov/Tmp/tmp/modx/manager/min
[2017-03-23 09:26:24] (ERROR @ /home/pogorelov/Tmp/tmp/modx/core/xpdo/transport/xpdoobjectvehicle.class.php : 227) Could not copy /home/pogorelov/Tmp/tmp/modx/core/packages/core/modContext/334fb36c4a91cc03578b6a02b912e717/4/ to /home/pogorelov/Tmp/tmp/modx/manager/ht.access
[2017-03-23 09:26:24] (ERROR @ /home/pogorelov/Tmp/tmp/modx/core/xpdo/transport/xpdoobjectvehicle.class.php : 227) Could not copy /home/pogorelov/Tmp/tmp/modx/core/packages/core/modContext/334fb36c4a91cc03578b6a02b912e717/5/ to /home/pogorelov/Tmp/tmp/modx/manager/index.php
[2017-03-23 09:26:24] (ERROR @ /home/pogorelov/Tmp/tmp/modx/core/xpdo/transport/xpdoobjectvehicle.class.php : 227) xPDOVehicle resolver failed: type php (/home/pogorelov/Tmp/tmp/modx/core/packages/core/modContext/334fb36c4a91cc03578b6a02b912e717.resolve.core.resolver)
[2017-03-23 09:26:24] (ERROR @ /home/pogorelov/Tmp/tmp/modx/core/xpdo/transport/xpdoobjectvehicle.class.php : 88) Could not resolve vehicle for object of class modContext; criteria: Array
(
    [key] => mgr
)

[2017-03-23 09:26:24] (ERROR @ /home/pogorelov/Tmp/tmp/modx/core/xpdo/transport/xpdofilevehicle.class.php : 40) Could not install files from /home/pogorelov/Tmp/tmp/modx/core/packages/core/xPDOFileVehicle/43791ccb20dfeb232b1676f6a4ed2a79/ to /home/pogorelov/Tmp/tmp/modx/connectors/
[2017-03-23 09:26:24] (ERROR @ /home/pogorelov/Tmp/tmp/modx/core/xpdo/transport/xpdofilevehicle.class.php : 40) Could not install files from /home/pogorelov/Tmp/tmp/modx/core/packages/core/xPDOFileVehicle/366c44609ce38a5d983f19c61789a9aa/ to /home/pogorelov/Tmp/tmp/modx/connectors/
[2017-03-23 09:26:24] (ERROR @ /home/pogorelov/Tmp/tmp/modx/core/xpdo/transport/xpdofilevehicle.class.php : 40) Could not install files from /home/pogorelov/Tmp/tmp/modx/core/packages/core/xPDOFileVehicle/e3dd8c18189007fd441e2fe3a17b8aea/ to /home/pogorelov/Tmp/tmp/modx/connectors/
[2017-03-23 09:26:24] (ERROR @ /home/pogorelov/Tmp/tmp/modx/core/xpdo/transport/xpdofilevehicle.class.php : 40) Could not install files from /home/pogorelov/Tmp/tmp/modx/core/packages/core/xPDOFileVehicle/670c1945258cbc8f99968b4db51b3a1a/ to /home/pogorelov/Tmp/tmp/modx/connectors/
[2017-03-23 09:26:24] (ERROR @ /home/pogorelov/Tmp/tmp/modx/core/xpdo/transport/xpdofilevehicle.class.php : 105) xPDOVehicle resolver failed: type php (/home/pogorelov/Tmp/tmp/modx/core/packages/core/xPDOFileVehicle/670c1945258cbc8f99968b4db51b3a1a.resolve.core.resolver)
